mode: set
github.com/2389-research/tracker/pipeline/artifacts.go:17.91,18.19 1 0
github.com/2389-research/tracker/pipeline/artifacts.go:18.19,20.3 1 0
github.com/2389-research/tracker/pipeline/artifacts.go:21.2,22.53 2 0
github.com/2389-research/tracker/pipeline/artifacts.go:22.53,24.3 1 0
github.com/2389-research/tracker/pipeline/artifacts.go:25.2,25.98 1 0
github.com/2389-research/tracker/pipeline/artifacts.go:25.98,27.3 1 0
github.com/2389-research/tracker/pipeline/artifacts.go:28.2,28.102 1 0
github.com/2389-research/tracker/pipeline/artifacts.go:28.102,30.3 1 0
github.com/2389-research/tracker/pipeline/artifacts.go:31.2,31.70 1 0
github.com/2389-research/tracker/pipeline/artifacts.go:31.70,33.3 1 0
github.com/2389-research/tracker/pipeline/artifacts.go:34.2,34.12 1 0
github.com/2389-research/tracker/pipeline/artifacts.go:37.73,38.19 1 0
github.com/2389-research/tracker/pipeline/artifacts.go:38.19,40.3 1 0
github.com/2389-research/tracker/pipeline/artifacts.go:41.2,42.53 2 0
github.com/2389-research/tracker/pipeline/artifacts.go:42.53,44.3 1 0
github.com/2389-research/tracker/pipeline/artifacts.go:45.2,52.16 3 0
github.com/2389-research/tracker/pipeline/artifacts.go:52.16,54.3 1 0
github.com/2389-research/tracker/pipeline/artifacts.go:55.2,55.90 1 0
github.com/2389-research/tracker/pipeline/artifacts.go:55.90,57.3 1 0
github.com/2389-research/tracker/pipeline/artifacts.go:58.2,58.12 1 0
github.com/2389-research/tracker/pipeline/checkpoint.go:29.35,30.28 1 1
github.com/2389-research/tracker/pipeline/checkpoint.go:30.28,32.40 2 1
github.com/2389-research/tracker/pipeline/checkpoint.go:32.40,34.4 1 1
github.com/2389-research/tracker/pipeline/checkpoint.go:39.55,42.2 2 1
github.com/2389-research/tracker/pipeline/checkpoint.go:46.53,47.27 1 1
github.com/2389-research/tracker/pipeline/checkpoint.go:47.27,49.3 1 1
github.com/2389-research/tracker/pipeline/checkpoint.go:50.2,50.31 1 1
github.com/2389-research/tracker/pipeline/checkpoint.go:54.53,55.27 1 1
github.com/2389-research/tracker/pipeline/checkpoint.go:55.27,57.3 1 1
github.com/2389-research/tracker/pipeline/checkpoint.go:58.2,58.26 1 1
github.com/2389-research/tracker/pipeline/checkpoint.go:63.52,65.29 2 1
github.com/2389-research/tracker/pipeline/checkpoint.go:65.29,67.3 1 1
github.com/2389-research/tracker/pipeline/checkpoint.go:68.2,69.55 2 1
github.com/2389-research/tracker/pipeline/checkpoint.go:73.53,75.30 2 1
github.com/2389-research/tracker/pipeline/checkpoint.go:75.30,77.3 1 1
github.com/2389-research/tracker/pipeline/checkpoint.go:78.2,79.39 2 1
github.com/2389-research/tracker/pipeline/checkpoint.go:79.39,80.19 1 1
github.com/2389-research/tracker/pipeline/checkpoint.go:80.19,82.9 2 1
github.com/2389-research/tracker/pipeline/checkpoint.go:88.56,90.48 2 1
github.com/2389-research/tracker/pipeline/checkpoint.go:90.48,92.3 1 0
github.com/2389-research/tracker/pipeline/checkpoint.go:94.2,95.16 2 1
github.com/2389-research/tracker/pipeline/checkpoint.go:95.16,97.3 1 0
github.com/2389-research/tracker/pipeline/checkpoint.go:99.2,99.56 1 1
github.com/2389-research/tracker/pipeline/checkpoint.go:99.56,101.3 1 0
github.com/2389-research/tracker/pipeline/checkpoint.go:102.2,102.12 1 1
github.com/2389-research/tracker/pipeline/checkpoint.go:106.55,108.16 2 1
github.com/2389-research/tracker/pipeline/checkpoint.go:108.16,110.3 1 1
github.com/2389-research/tracker/pipeline/checkpoint.go:112.2,113.50 2 1
github.com/2389-research/tracker/pipeline/checkpoint.go:113.50,115.3 1 0
github.com/2389-research/tracker/pipeline/checkpoint.go:116.2,116.17 1 1
github.com/2389-research/tracker/pipeline/condition.go:13.73,15.16 2 1
github.com/2389-research/tracker/pipeline/condition.go:15.16,17.3 1 1
github.com/2389-research/tracker/pipeline/condition.go:18.2,18.16 1 1
github.com/2389-research/tracker/pipeline/condition.go:18.16,20.3 1 1
github.com/2389-research/tracker/pipeline/condition.go:22.2,22.30 1 1
github.com/2389-research/tracker/pipeline/condition.go:26.66,28.34 2 1
github.com/2389-research/tracker/pipeline/condition.go:28.34,30.17 2 1
github.com/2389-research/tracker/pipeline/condition.go:30.17,32.4 1 1
github.com/2389-research/tracker/pipeline/condition.go:33.3,33.13 1 1
github.com/2389-research/tracker/pipeline/condition.go:33.13,35.4 1 1
github.com/2389-research/tracker/pipeline/condition.go:37.2,37.19 1 1
github.com/2389-research/tracker/pipeline/condition.go:41.67,43.33 2 1
github.com/2389-research/tracker/pipeline/condition.go:43.33,45.17 2 1
github.com/2389-research/tracker/pipeline/condition.go:45.17,47.4 1 1
github.com/2389-research/tracker/pipeline/condition.go:48.3,48.14 1 1
github.com/2389-research/tracker/pipeline/condition.go:48.14,50.4 1 1
github.com/2389-research/tracker/pipeline/condition.go:52.2,52.18 1 1
github.com/2389-research/tracker/pipeline/condition.go:55.72,57.39 1 1
github.com/2389-research/tracker/pipeline/condition.go:57.39,60.17 3 1
github.com/2389-research/tracker/pipeline/condition.go:60.17,62.4 1 0
github.com/2389-research/tracker/pipeline/condition.go:63.3,63.22 1 1
github.com/2389-research/tracker/pipeline/condition.go:68.2,68.82 1 1
github.com/2389-research/tracker/pipeline/condition.go:68.82,69.49 1 1
github.com/2389-research/tracker/pipeline/condition.go:69.49,73.33 4 1
github.com/2389-research/tracker/pipeline/condition.go:74.20,75.48 1 1
github.com/2389-research/tracker/pipeline/condition.go:76.22,77.49 1 1
github.com/2389-research/tracker/pipeline/condition.go:78.20,79.49 1 1
github.com/2389-research/tracker/pipeline/condition.go:80.14,82.32 2 1
github.com/2389-research/tracker/pipeline/condition.go:82.32,83.43 1 1
github.com/2389-research/tracker/pipeline/condition.go:83.43,85.7 1 1
github.com/2389-research/tracker/pipeline/condition.go:87.5,87.22 1 1
github.com/2389-research/tracker/pipeline/condition.go:93.2,93.50 1 1
github.com/2389-research/tracker/pipeline/condition.go:93.50,98.3 4 1
github.com/2389-research/tracker/pipeline/condition.go:100.2,100.49 1 1
github.com/2389-research/tracker/pipeline/condition.go:100.49,105.3 4 1
github.com/2389-research/tracker/pipeline/condition.go:107.2,107.101 1 1
github.com/2389-research/tracker/pipeline/condition.go:110.64,111.34 1 1
github.com/2389-research/tracker/pipeline/condition.go:111.34,113.3 1 1
github.com/2389-research/tracker/pipeline/condition.go:114.2,114.41 1 1
github.com/2389-research/tracker/pipeline/condition.go:114.41,116.38 2 1
github.com/2389-research/tracker/pipeline/condition.go:116.38,118.4 1 1
github.com/2389-research/tracker/pipeline/condition.go:120.2,120.11 1 1
github.com/2389-research/tracker/pipeline/context.go:35.44,40.2 1 1
github.com/2389-research/tracker/pipeline/context.go:43.58,48.2 4 1
github.com/2389-research/tracker/pipeline/context.go:51.50,55.2 3 1
github.com/2389-research/tracker/pipeline/context.go:58.60,59.20 1 1
github.com/2389-research/tracker/pipeline/context.go:59.20,61.3 1 1
github.com/2389-research/tracker/pipeline/context.go:62.2,64.28 3 1
github.com/2389-research/tracker/pipeline/context.go:64.28,66.3 1 1
github.com/2389-research/tracker/pipeline/context.go:70.56,74.29 4 1
github.com/2389-research/tracker/pipeline/context.go:74.29,76.3 1 1
github.com/2389-research/tracker/pipeline/context.go:77.2,77.13 1 1
github.com/2389-research/tracker/pipeline/context.go:81.66,86.2 4 1
github.com/2389-research/tracker/pipeline/context.go:89.58,93.2 3 1
github.com/2389-research/tracker/pipeline/context.go:98.72,100.27 2 0
github.com/2389-research/tracker/pipeline/context.go:100.27,102.3 1 0
github.com/2389-research/tracker/pipeline/context.go:103.2,103.12 1 0
github.com/2389-research/tracker/pipeline/dippin_adapter.go:29.58,30.21 1 1
github.com/2389-research/tracker/pipeline/dippin_adapter.go:30.21,32.3 1 1
github.com/2389-research/tracker/pipeline/dippin_adapter.go:33.2,33.26 1 1
github.com/2389-research/tracker/pipeline/dippin_adapter.go:33.26,35.3 1 1
github.com/2389-research/tracker/pipeline/dippin_adapter.go:36.2,36.25 1 1
github.com/2389-research/tracker/pipeline/dippin_adapter.go:36.25,38.3 1 1
github.com/2389-research/tracker/pipeline/dippin_adapter.go:40.2,48.40 5 1
github.com/2389-research/tracker/pipeline/dippin_adapter.go:48.40,50.17 2 1
github.com/2389-research/tracker/pipeline/dippin_adapter.go:50.17,52.4 1 0
github.com/2389-research/tracker/pipeline/dippin_adapter.go:53.3,53.19 1 1
github.com/2389-research/tracker/pipeline/dippin_adapter.go:57.2,57.40 1 1
github.com/2389-research/tracker/pipeline/dippin_adapter.go:57.40,60.3 2 1
github.com/2389-research/tracker/pipeline/dippin_adapter.go:63.2,63.48 1 1
github.com/2389-research/tracker/pipeline/dippin_adapter.go:63.48,65.3 1 1
github.com/2389-research/tracker/pipeline/dippin_adapter.go:70.2,72.15 2 1
github.com/2389-research/tracker/pipeline/dippin_adapter.go:89.55,92.2 2 1
github.com/2389-research/tracker/pipeline/dippin_adapter.go:96.50,98.9 2 1
github.com/2389-research/tracker/pipeline/dippin_adapter.go:98.9,100.3 1 0
github.com/2389-research/tracker/pipeline/dippin_adapter.go:102.2,110.69 2 1
github.com/2389-research/tracker/pipeline/dippin_adapter.go:110.69,112.3 1 0
github.com/2389-research/tracker/pipeline/dippin_adapter.go:115.2,117.19 2 1
github.com/2389-research/tracker/pipeline/dippin_adapter.go:123.76,124.19 1 1
github.com/2389-research/tracker/pipeline/dippin_adapter.go:124.19,126.3 1 0
github.com/2389-research/tracker/pipeline/dippin_adapter.go:128.2,128.30 1 1
github.com/2389-research/tracker/pipeline/dippin_adapter.go:129.22,130.32 1 1
github.com/2389-research/tracker/pipeline/dippin_adapter.go:131.23,132.33 1 0
github.com/2389-research/tracker/pipeline/dippin_adapter.go:134.22,135.32 1 1
github.com/2389-research/tracker/pipeline/dippin_adapter.go:136.23,137.33 1 0
github.com/2389-research/tracker/pipeline/dippin_adapter.go:139.21,140.31 1 1
github.com/2389-research/tracker/pipeline/dippin_adapter.go:141.22,142.32 1 0
github.com/2389-research/tracker/pipeline/dippin_adapter.go:144.25,145.35 1 1
github.com/2389-research/tracker/pipeline/dippin_adapter.go:146.26,147.36 1 0
github.com/2389-research/tracker/pipeline/dippin_adapter.go:149.22,150.32 1 1
github.com/2389-research/tracker/pipeline/dippin_adapter.go:151.23,152.33 1 0
github.com/2389-research/tracker/pipeline/dippin_adapter.go:154.25,155.35 1 1
github.com/2389-research/tracker/pipeline/dippin_adapter.go:156.26,157.36 1 0
github.com/2389-research/tracker/pipeline/dippin_adapter.go:159.10,160.55 1 0
github.com/2389-research/tracker/pipeline/dippin_adapter.go:163.2,163.12 1 1
github.com/2389-research/tracker/pipeline/dippin_adapter.go:166.69,167.22 1 1
github.com/2389-research/tracker/pipeline/dippin_adapter.go:167.22,169.3 1 1
github.com/2389-research/tracker/pipeline/dippin_adapter.go:170.2,170.28 1 1
github.com/2389-research/tracker/pipeline/dippin_adapter.go:170.28,172.3 1 1
github.com/2389-research/tracker/pipeline/dippin_adapter.go:173.2,173.21 1 1
github.com/2389-research/tracker/pipeline/dippin_adapter.go:173.21,175.3 1 1
github.com/2389-research/tracker/pipeline/dippin_adapter.go:176.2,176.24 1 1
github.com/2389-research/tracker/pipeline/dippin_adapter.go:176.24,178.3 1 1
github.com/2389-research/tracker/pipeline/dippin_adapter.go:179.2,179.22 1 1
github.com/2389-research/tracker/pipeline/dippin_adapter.go:179.22,181.3 1 1
github.com/2389-research/tracker/pipeline/dippin_adapter.go:182.2,182.24 1 1
github.com/2389-research/tracker/pipeline/dippin_adapter.go:182.24,184.3 1 1
github.com/2389-research/tracker/pipeline/dippin_adapter.go:185.2,185.20 1 1
github.com/2389-research/tracker/pipeline/dippin_adapter.go:185.20,187.3 1 1
github.com/2389-research/tracker/pipeline/dippin_adapter.go:188.2,188.26 1 1
github.com/2389-research/tracker/pipeline/dippin_adapter.go:188.26,190.3 1 1
github.com/2389-research/tracker/pipeline/dippin_adapter.go:191.2,191.33 1 1
github.com/2389-research/tracker/pipeline/dippin_adapter.go:191.33,193.3 1 1
github.com/2389-research/tracker/pipeline/dippin_adapter.go:194.2,194.31 1 1
github.com/2389-research/tracker/pipeline/dippin_adapter.go:194.31,196.3 1 1
github.com/2389-research/tracker/pipeline/dippin_adapter.go:197.2,197.24 1 1
github.com/2389-research/tracker/pipeline/dippin_adapter.go:197.24,199.3 1 1
github.com/2389-research/tracker/pipeline/dippin_adapter.go:200.2,200.20 1 1
github.com/2389-research/tracker/pipeline/dippin_adapter.go:200.20,202.3 1 1
github.com/2389-research/tracker/pipeline/dippin_adapter.go:203.2,203.18 1 1
github.com/2389-research/tracker/pipeline/dippin_adapter.go:203.18,205.3 1 1
github.com/2389-research/tracker/pipeline/dippin_adapter.go:208.69,209.20 1 1
github.com/2389-research/tracker/pipeline/dippin_adapter.go:209.20,211.3 1 1
github.com/2389-research/tracker/pipeline/dippin_adapter.go:212.2,212.23 1 1
github.com/2389-research/tracker/pipeline/dippin_adapter.go:212.23,214.3 1 1
github.com/2389-research/tracker/pipeline/dippin_adapter.go:217.67,218.23 1 1
github.com/2389-research/tracker/pipeline/dippin_adapter.go:218.23,220.3 1 1
github.com/2389-research/tracker/pipeline/dippin_adapter.go:221.2,221.21 1 1
github.com/2389-research/tracker/pipeline/dippin_adapter.go:221.21,223.3 1 1
github.com/2389-research/tracker/pipeline/dippin_adapter.go:226.75,227.26 1 1
github.com/2389-research/tracker/pipeline/dippin_adapter.go:227.26,229.3 1 1
github.com/2389-research/tracker/pipeline/dippin_adapter.go:232.69,233.26 1 1
github.com/2389-research/tracker/pipeline/dippin_adapter.go:233.26,235.3 1 1
github.com/2389-research/tracker/pipeline/dippin_adapter.go:238.75,239.19 1 1
github.com/2389-research/tracker/pipeline/dippin_adapter.go:239.19,241.3 1 1
github.com/2389-research/tracker/pipeline/dippin_adapter.go:242.2,242.25 1 1
github.com/2389-research/tracker/pipeline/dippin_adapter.go:242.25,245.32 2 1
github.com/2389-research/tracker/pipeline/dippin_adapter.go:245.32,247.4 1 1
github.com/2389-research/tracker/pipeline/dippin_adapter.go:248.3,248.54 1 1
github.com/2389-research/tracker/pipeline/dippin_adapter.go:253.71,254.24 1 1
github.com/2389-research/tracker/pipeline/dippin_adapter.go:254.24,256.3 1 1
github.com/2389-research/tracker/pipeline/dippin_adapter.go:257.2,257.26 1 1
github.com/2389-research/tracker/pipeline/dippin_adapter.go:257.26,259.3 1 1
github.com/2389-research/tracker/pipeline/dippin_adapter.go:260.1,260.28 1 1
github.com/2389-research/tracker/pipeline/dippin_adapter.go:260.28,262.3 1 1
github.com/2389-research/tracker/pipeline/dippin_adapter.go:263.2,263.32 1 1
github.com/2389-research/tracker/pipeline/dippin_adapter.go:263.32,265.3 1 1
github.com/2389-research/tracker/pipeline/dippin_adapter.go:270.85,271.26 1 1
github.com/2389-research/tracker/pipeline/dippin_adapter.go:271.26,273.3 1 1
github.com/2389-research/tracker/pipeline/dippin_adapter.go:274.2,274.29 1 1
github.com/2389-research/tracker/pipeline/dippin_adapter.go:274.29,276.3 1 1
github.com/2389-research/tracker/pipeline/dippin_adapter.go:277.2,277.32 1 1
github.com/2389-research/tracker/pipeline/dippin_adapter.go:277.32,279.3 1 1
github.com/2389-research/tracker/pipeline/dippin_adapter.go:280.2,280.29 1 1
github.com/2389-research/tracker/pipeline/dippin_adapter.go:280.29,282.3 1 1
github.com/2389-research/tracker/pipeline/dippin_adapter.go:283.2,283.29 1 1
github.com/2389-research/tracker/pipeline/dippin_adapter.go:283.29,285.3 1 1
github.com/2389-research/tracker/pipeline/dippin_adapter.go:286.2,286.30 1 1
github.com/2389-research/tracker/pipeline/dippin_adapter.go:286.30,288.3 1 1
github.com/2389-research/tracker/pipeline/dippin_adapter.go:289.2,289.34 1 1
github.com/2389-research/tracker/pipeline/dippin_adapter.go:289.34,291.3 1 1
github.com/2389-research/tracker/pipeline/dippin_adapter.go:292.2,292.25 1 1
github.com/2389-research/tracker/pipeline/dippin_adapter.go:292.25,294.3 1 1
github.com/2389-research/tracker/pipeline/dippin_adapter.go:295.2,295.31 1 1
github.com/2389-research/tracker/pipeline/dippin_adapter.go:295.31,297.3 1 1
github.com/2389-research/tracker/pipeline/dippin_adapter.go:302.41,311.29 2 1
github.com/2389-research/tracker/pipeline/dippin_adapter.go:311.29,314.3 2 1
github.com/2389-research/tracker/pipeline/dippin_adapter.go:317.2,317.23 1 1
github.com/2389-research/tracker/pipeline/dippin_adapter.go:317.23,319.3 1 0
github.com/2389-research/tracker/pipeline/dippin_adapter.go:322.2,322.20 1 1
github.com/2389-research/tracker/pipeline/dippin_adapter.go:322.20,324.3 1 0
github.com/2389-research/tracker/pipeline/dippin_adapter.go:326.2,326.14 1 1
github.com/2389-research/tracker/pipeline/dippin_adapter.go:331.43,332.40 1 1
github.com/2389-research/tracker/pipeline/dippin_adapter.go:332.40,334.3 1 1
github.com/2389-research/tracker/pipeline/dippin_adapter.go:335.2,335.39 1 1
github.com/2389-research/tracker/pipeline/dippin_adapter.go:335.39,337.3 1 1
github.com/2389-research/tracker/pipeline/dippin_adapter.go:342.2,343.35 2 1
github.com/2389-research/tracker/pipeline/dippin_adapter.go:343.35,346.3 2 1
github.com/2389-research/tracker/pipeline/dippin_adapter.go:349.2,350.33 2 1
github.com/2389-research/tracker/pipeline/dippin_adapter.go:350.33,353.3 2 1
github.com/2389-research/tracker/pipeline/dippin_adapter.go:355.2,355.12 1 1
github.com/2389-research/tracker/pipeline/engine.go:43.68,44.25 1 1
github.com/2389-research/tracker/pipeline/engine.go:44.25,46.3 1 1
github.com/2389-research/tracker/pipeline/engine.go:50.51,51.25 1 1
github.com/2389-research/tracker/pipeline/engine.go:51.25,53.3 1 1
github.com/2389-research/tracker/pipeline/engine.go:57.58,58.25 1 1
github.com/2389-research/tracker/pipeline/engine.go:58.25,60.3 1 1
github.com/2389-research/tracker/pipeline/engine.go:65.47,66.25 1 1
github.com/2389-research/tracker/pipeline/engine.go:66.25,68.3 1 1
github.com/2389-research/tracker/pipeline/engine.go:73.61,74.25 1 1
github.com/2389-research/tracker/pipeline/engine.go:74.25,76.3 1 1
github.com/2389-research/tracker/pipeline/engine.go:80.87,86.27 2 1
github.com/2389-research/tracker/pipeline/engine.go:86.27,88.3 1 1
github.com/2389-research/tracker/pipeline/engine.go:89.2,89.10 1 1
github.com/2389-research/tracker/pipeline/engine.go:93.66,100.51 3 1
github.com/2389-research/tracker/pipeline/engine.go:100.51,102.3 1 1
github.com/2389-research/tracker/pipeline/engine.go:104.2,105.40 2 1
github.com/2389-research/tracker/pipeline/engine.go:105.40,107.3 1 1
github.com/2389-research/tracker/pipeline/engine.go:109.2,109.37 1 1
github.com/2389-research/tracker/pipeline/engine.go:109.37,111.3 1 1
github.com/2389-research/tracker/pipeline/engine.go:112.2,113.16 2 1
github.com/2389-research/tracker/pipeline/engine.go:113.16,115.3 1 0
github.com/2389-research/tracker/pipeline/engine.go:116.2,116.20 1 1
github.com/2389-research/tracker/pipeline/engine.go:116.20,118.3 1 1
github.com/2389-research/tracker/pipeline/engine.go:121.2,121.31 1 1
github.com/2389-research/tracker/pipeline/engine.go:121.31,123.3 1 1
github.com/2389-research/tracker/pipeline/engine.go:128.2,128.56 1 1
github.com/2389-research/tracker/pipeline/engine.go:128.56,136.34 4 1
github.com/2389-research/tracker/pipeline/engine.go:136.34,138.4 1 1
github.com/2389-research/tracker/pipeline/engine.go:139.3,139.31 1 1
github.com/2389-research/tracker/pipeline/engine.go:139.31,141.4 1 1
github.com/2389-research/tracker/pipeline/engine.go:145.2,145.25 1 1
github.com/2389-research/tracker/pipeline/engine.go:145.25,147.3 1 1
github.com/2389-research/tracker/pipeline/engine.go:150.2,151.25 2 1
github.com/2389-research/tracker/pipeline/engine.go:151.25,152.57 1 1
github.com/2389-research/tracker/pipeline/engine.go:152.57,154.18 2 1
github.com/2389-research/tracker/pipeline/engine.go:154.18,156.5 1 0
github.com/2389-research/tracker/pipeline/engine.go:157.4,157.19 1 1
github.com/2389-research/tracker/pipeline/engine.go:161.2,175.26 4 1
github.com/2389-research/tracker/pipeline/engine.go:175.26,177.3 1 1
github.com/2389-research/tracker/pipeline/engine.go:179.2,179.6 1 1
github.com/2389-research/tracker/pipeline/engine.go:179.6,181.35 1 1
github.com/2389-research/tracker/pipeline/engine.go:181.35,197.4 3 1
github.com/2389-research/tracker/pipeline/engine.go:199.3,200.10 2 1
github.com/2389-research/tracker/pipeline/engine.go:200.10,202.4 1 0
github.com/2389-research/tracker/pipeline/engine.go:208.3,208.36 1 1
github.com/2389-research/tracker/pipeline/engine.go:208.36,217.23 3 1
github.com/2389-research/tracker/pipeline/engine.go:217.23,219.10 1 0
github.com/2389-research/tracker/pipeline/engine.go:221.4,222.18 2 1
github.com/2389-research/tracker/pipeline/engine.go:222.18,224.5 1 0
github.com/2389-research/tracker/pipeline/engine.go:225.4,226.12 2 1
github.com/2389-research/tracker/pipeline/engine.go:231.3,239.24 5 1
github.com/2389-research/tracker/pipeline/engine.go:239.24,248.4 2 1
github.com/2389-research/tracker/pipeline/engine.go:249.3,249.55 1 1
github.com/2389-research/tracker/pipeline/engine.go:249.55,251.37 2 1
github.com/2389-research/tracker/pipeline/engine.go:251.37,253.5 1 1
github.com/2389-research/tracker/pipeline/engine.go:254.4,261.5 2 1
github.com/2389-research/tracker/pipeline/engine.go:264.3,276.17 5 1
github.com/2389-research/tracker/pipeline/engine.go:276.17,302.4 5 1
github.com/2389-research/tracker/pipeline/engine.go:305.3,308.27 2 1
github.com/2389-research/tracker/pipeline/engine.go:308.27,311.4 2 1
github.com/2389-research/tracker/pipeline/engine.go:312.3,312.35 1 1
github.com/2389-research/tracker/pipeline/engine.go:312.35,314.4 1 1
github.com/2389-research/tracker/pipeline/engine.go:315.3,315.42 1 1
github.com/2389-research/tracker/pipeline/engine.go:315.42,317.4 1 1
github.com/2389-research/tracker/pipeline/engine.go:321.3,330.25 2 1
github.com/2389-research/tracker/pipeline/engine.go:331.21,333.56 2 1
github.com/2389-research/tracker/pipeline/engine.go:333.56,340.20 3 1
github.com/2389-research/tracker/pipeline/engine.go:340.20,341.13 1 0
github.com/2389-research/tracker/pipeline/engine.go:342.33,342.33 0 0
github.com/2389-research/tracker/pipeline/engine.go:343.24,351.78 2 0
github.com/2389-research/tracker/pipeline/engine.go:355.5,364.53 3 1
github.com/2389-research/tracker/pipeline/engine.go:364.53,366.6 1 0
github.com/2389-research/tracker/pipeline/engine.go:367.5,375.13 7 1
github.com/2389-research/tracker/pipeline/engine.go:379.4,379.67 1 1
github.com/2389-research/tracker/pipeline/engine.go:379.67,386.13 7 0
github.com/2389-research/tracker/pipeline/engine.go:390.4,401.22 6 1
github.com/2389-research/tracker/pipeline/engine.go:403.20,411.35 2 1
github.com/2389-research/tracker/pipeline/engine.go:413.23,421.35 2 1
github.com/2389-research/tracker/pipeline/engine.go:423.11,425.35 1 0
github.com/2389-research/tracker/pipeline/engine.go:429.3,429.40 1 1
github.com/2389-research/tracker/pipeline/engine.go:429.40,431.13 2 1
github.com/2389-research/tracker/pipeline/engine.go:431.13,438.13 7 1
github.com/2389-research/tracker/pipeline/engine.go:440.4,440.19 1 1
github.com/2389-research/tracker/pipeline/engine.go:440.19,446.5 5 1
github.com/2389-research/tracker/pipeline/engine.go:447.4,447.37 1 1
github.com/2389-research/tracker/pipeline/engine.go:447.37,453.5 5 0
github.com/2389-research/tracker/pipeline/engine.go:454.4,455.9 2 1
github.com/2389-research/tracker/pipeline/engine.go:459.3,460.22 2 1
github.com/2389-research/tracker/pipeline/engine.go:460.22,463.4 2 1
github.com/2389-research/tracker/pipeline/engine.go:465.3,466.17 2 1
github.com/2389-research/tracker/pipeline/engine.go:466.17,469.4 2 1
github.com/2389-research/tracker/pipeline/engine.go:471.3,476.30 3 1
github.com/2389-research/tracker/pipeline/engine.go:476.30,478.38 2 1
github.com/2389-research/tracker/pipeline/engine.go:478.38,494.5 4 1
github.com/2389-research/tracker/pipeline/engine.go:496.4,500.65 3 1
github.com/2389-research/tracker/pipeline/engine.go:500.65,501.47 1 1
github.com/2389-research/tracker/pipeline/engine.go:501.47,503.6 1 1
github.com/2389-research/tracker/pipeline/engine.go:506.4,522.12 7 1
github.com/2389-research/tracker/pipeline/engine.go:525.3,527.36 3 1
github.com/2389-research/tracker/pipeline/engine.go:530.2,545.8 3 1
github.com/2389-research/tracker/pipeline/engine.go:549.82,551.29 1 1
github.com/2389-research/tracker/pipeline/engine.go:551.29,552.27 1 1
github.com/2389-research/tracker/pipeline/engine.go:552.27,554.18 2 1
github.com/2389-research/tracker/pipeline/engine.go:554.18,556.5 1 0
github.com/2389-research/tracker/pipeline/engine.go:557.4,557.13 1 1
github.com/2389-research/tracker/pipeline/engine.go:557.13,559.5 1 1
github.com/2389-research/tracker/pipeline/engine.go:564.2,564.80 1 1
github.com/2389-research/tracker/pipeline/engine.go:564.80,565.30 1 1
github.com/2389-research/tracker/pipeline/engine.go:565.30,566.31 1 1
github.com/2389-research/tracker/pipeline/engine.go:566.31,568.5 1 1
github.com/2389-research/tracker/pipeline/engine.go:573.2,573.78 1 1
github.com/2389-research/tracker/pipeline/engine.go:573.78,574.30 1 1
github.com/2389-research/tracker/pipeline/engine.go:574.30,575.54 1 1
github.com/2389-research/tracker/pipeline/engine.go:575.54,576.42 1 1
github.com/2389-research/tracker/pipeline/engine.go:576.42,578.6 1 1
github.com/2389-research/tracker/pipeline/engine.go:585.2,586.29 2 1
github.com/2389-research/tracker/pipeline/engine.go:586.29,587.27 1 1
github.com/2389-research/tracker/pipeline/engine.go:587.27,589.4 1 1
github.com/2389-research/tracker/pipeline/engine.go:591.2,591.29 1 1
github.com/2389-research/tracker/pipeline/engine.go:591.29,594.30 2 1
github.com/2389-research/tracker/pipeline/engine.go:594.30,595.28 1 1
github.com/2389-research/tracker/pipeline/engine.go:595.28,598.5 2 1
github.com/2389-research/tracker/pipeline/engine.go:600.3,600.143 1 1
github.com/2389-research/tracker/pipeline/engine.go:603.2,603.54 1 1
github.com/2389-research/tracker/pipeline/engine.go:603.54,606.15 3 1
github.com/2389-research/tracker/pipeline/engine.go:606.15,608.4 1 1
github.com/2389-research/tracker/pipeline/engine.go:610.3,610.51 1 0
github.com/2389-research/tracker/pipeline/engine.go:613.2,613.30 1 1
github.com/2389-research/tracker/pipeline/engine.go:617.30,618.36 1 1
github.com/2389-research/tracker/pipeline/engine.go:618.36,619.44 1 1
github.com/2389-research/tracker/pipeline/engine.go:619.44,621.4 1 1
github.com/2389-research/tracker/pipeline/engine.go:623.2,623.10 1 0
github.com/2389-research/tracker/pipeline/engine.go:627.45,628.45 1 0
github.com/2389-research/tracker/pipeline/engine.go:628.45,629.45 1 0
github.com/2389-research/tracker/pipeline/engine.go:629.45,631.4 1 0
github.com/2389-research/tracker/pipeline/engine.go:633.2,633.54 1 0
github.com/2389-research/tracker/pipeline/engine.go:633.54,634.45 1 0
github.com/2389-research/tracker/pipeline/engine.go:634.45,636.4 1 0
github.com/2389-research/tracker/pipeline/engine.go:638.2,638.10 1 0
github.com/2389-research/tracker/pipeline/engine.go:642.34,644.2 1 1
github.com/2389-research/tracker/pipeline/engine.go:648.76,649.28 1 1
github.com/2389-research/tracker/pipeline/engine.go:649.28,651.17 2 1
github.com/2389-research/tracker/pipeline/engine.go:651.17,653.4 1 1
github.com/2389-research/tracker/pipeline/engine.go:655.3,655.43 1 1
github.com/2389-research/tracker/pipeline/engine.go:655.43,657.4 1 0
github.com/2389-research/tracker/pipeline/engine.go:659.2,664.8 1 1
github.com/2389-research/tracker/pipeline/engine.go:668.86,669.28 1 1
github.com/2389-research/tracker/pipeline/engine.go:669.28,671.3 1 1
github.com/2389-research/tracker/pipeline/engine.go:672.2,675.61 4 1
github.com/2389-research/tracker/pipeline/engine.go:675.61,685.3 2 0
github.com/2389-research/tracker/pipeline/engine.go:686.2,691.4 1 1
github.com/2389-research/tracker/pipeline/engine.go:695.42,697.2 1 1
github.com/2389-research/tracker/pipeline/engine.go:700.96,713.2 2 1
github.com/2389-research/tracker/pipeline/engine.go:718.68,723.21 4 1
github.com/2389-research/tracker/pipeline/engine.go:723.21,728.55 4 1
github.com/2389-research/tracker/pipeline/engine.go:728.55,729.25 1 1
github.com/2389-research/tracker/pipeline/engine.go:729.25,732.5 2 1
github.com/2389-research/tracker/pipeline/engine.go:739.65,745.21 5 1
github.com/2389-research/tracker/pipeline/engine.go:745.21,749.53 3 1
github.com/2389-research/tracker/pipeline/engine.go:749.53,750.25 1 1
github.com/2389-research/tracker/pipeline/engine.go:750.25,754.5 3 1
github.com/2389-research/tracker/pipeline/engine.go:757.2,757.15 1 1
github.com/2389-research/tracker/pipeline/engine.go:761.43,762.49 1 1
github.com/2389-research/tracker/pipeline/engine.go:762.49,763.45 1 1
github.com/2389-research/tracker/pipeline/engine.go:763.45,765.4 1 1
github.com/2389-research/tracker/pipeline/engine.go:767.2,767.10 1 1
github.com/2389-research/tracker/pipeline/engine.go:773.79,774.27 1 1
github.com/2389-research/tracker/pipeline/engine.go:774.27,776.3 1 0
github.com/2389-research/tracker/pipeline/engine.go:777.2,778.61 2 1
github.com/2389-research/tracker/pipeline/engine.go:778.61,780.3 1 1
github.com/2389-research/tracker/pipeline/engine.go:783.107,784.43 1 1
github.com/2389-research/tracker/pipeline/engine.go:784.43,786.39 2 1
github.com/2389-research/tracker/pipeline/engine.go:786.39,787.12 1 1
github.com/2389-research/tracker/pipeline/engine.go:789.3,790.62 2 1
github.com/2389-research/tracker/pipeline/engine.go:790.62,791.12 1 1
github.com/2389-research/tracker/pipeline/engine.go:793.3,798.5 1 1
github.com/2389-research/tracker/pipeline/engine.go:798.5,799.20 1 1
github.com/2389-research/tracker/pipeline/engine.go:799.20,800.13 1 1
github.com/2389-research/tracker/pipeline/engine.go:802.4,802.42 1 1
github.com/2389-research/tracker/pipeline/engine.go:802.42,804.5 1 1
github.com/2389-research/tracker/pipeline/engine.go:806.3,806.25 1 1
github.com/2389-research/tracker/pipeline/engine.go:808.2,808.25 1 1
github.com/2389-research/tracker/pipeline/engine.go:813.53,814.40 1 1
github.com/2389-research/tracker/pipeline/engine.go:814.40,816.3 1 1
github.com/2389-research/tracker/pipeline/engine.go:817.2,817.54 1 0
github.com/2389-research/tracker/pipeline/engine.go:822.39,824.30 2 1
github.com/2389-research/tracker/pipeline/engine.go:824.30,826.3 1 1
github.com/2389-research/tracker/pipeline/engine.go:827.2,827.12 1 0
github.com/2389-research/tracker/pipeline/engine.go:831.29,833.40 2 1
github.com/2389-research/tracker/pipeline/engine.go:833.40,835.3 1 0
github.com/2389-research/tracker/pipeline/engine.go:836.2,836.29 1 1
github.com/2389-research/tracker/pipeline/events.go:44.74,44.84 1 1
github.com/2389-research/tracker/pipeline/events.go:49.64,49.65 0 1
github.com/2389-research/tracker/pipeline/events.go:56.82,60.2 3 1
github.com/2389-research/tracker/pipeline/events.go:64.70,65.22 1 1
github.com/2389-research/tracker/pipeline/events.go:65.22,66.15 1 1
github.com/2389-research/tracker/pipeline/events.go:66.15,68.4 1 1
github.com/2389-research/tracker/pipeline/events_jsonl.go:40.66,42.2 1 1
github.com/2389-research/tracker/pipeline/events_jsonl.go:45.58,46.42 1 1
github.com/2389-research/tracker/pipeline/events_jsonl.go:46.42,48.3 1 0
github.com/2389-research/tracker/pipeline/events_jsonl.go:49.2,50.48 2 1
github.com/2389-research/tracker/pipeline/events_jsonl.go:50.48,52.3 1 0
github.com/2389-research/tracker/pipeline/events_jsonl.go:53.2,54.16 2 1
github.com/2389-research/tracker/pipeline/events_jsonl.go:54.16,56.3 1 0
github.com/2389-research/tracker/pipeline/events_jsonl.go:57.2,58.12 2 1
github.com/2389-research/tracker/pipeline/events_jsonl.go:62.68,66.38 3 1
github.com/2389-research/tracker/pipeline/events_jsonl.go:66.38,68.3 1 1
github.com/2389-research/tracker/pipeline/events_jsonl.go:69.2,69.19 1 1
github.com/2389-research/tracker/pipeline/events_jsonl.go:69.19,71.3 1 1
github.com/2389-research/tracker/pipeline/events_jsonl.go:73.2,81.20 2 1
github.com/2389-research/tracker/pipeline/events_jsonl.go:81.20,83.3 1 1
github.com/2389-research/tracker/pipeline/events_jsonl.go:84.2,84.21 1 1
github.com/2389-research/tracker/pipeline/events_jsonl.go:91.133,95.19 3 1
github.com/2389-research/tracker/pipeline/events_jsonl.go:95.19,97.3 1 0
github.com/2389-research/tracker/pipeline/events_jsonl.go:99.2,100.19 2 1
github.com/2389-research/tracker/pipeline/events_jsonl.go:100.19,102.3 1 1
github.com/2389-research/tracker/pipeline/events_jsonl.go:104.2,114.21 2 1
github.com/2389-research/tracker/pipeline/events_jsonl.go:114.21,116.3 1 1
github.com/2389-research/tracker/pipeline/events_jsonl.go:117.2,117.18 1 1
github.com/2389-research/tracker/pipeline/events_jsonl.go:117.18,118.24 1 1
github.com/2389-research/tracker/pipeline/events_jsonl.go:118.24,120.4 1 1
github.com/2389-research/tracker/pipeline/events_jsonl.go:120.9,122.4 1 0
github.com/2389-research/tracker/pipeline/events_jsonl.go:124.2,124.21 1 1
github.com/2389-research/tracker/pipeline/events_jsonl.go:128.92,132.19 3 1
github.com/2389-research/tracker/pipeline/events_jsonl.go:132.19,134.3 1 0
github.com/2389-research/tracker/pipeline/events_jsonl.go:136.2,145.21 2 1
github.com/2389-research/tracker/pipeline/events_jsonl.go:149.61,151.16 2 1
github.com/2389-research/tracker/pipeline/events_jsonl.go:151.16,153.3 1 0
github.com/2389-research/tracker/pipeline/events_jsonl.go:154.2,155.27 2 1
github.com/2389-research/tracker/pipeline/events_jsonl.go:159.43,162.19 3 1
github.com/2389-research/tracker/pipeline/events_jsonl.go:162.19,164.3 1 1
github.com/2389-research/tracker/pipeline/events_jsonl.go:165.2,165.23 1 1
github.com/2389-research/tracker/pipeline/events_logger.go:16.70,18.22 2 0
github.com/2389-research/tracker/pipeline/events_logger.go:18.22,19.21 1 0
github.com/2389-research/tracker/pipeline/events_logger.go:19.21,21.4 1 0
github.com/2389-research/tracker/pipeline/events_logger.go:21.9,23.4 1 0
github.com/2389-research/tracker/pipeline/events_logger.go:24.8,25.21 1 0
github.com/2389-research/tracker/pipeline/events_logger.go:25.21,27.4 1 0
github.com/2389-research/tracker/pipeline/events_logger.go:27.9,29.4 1 0
github.com/2389-research/tracker/pipeline/expand.go:29.19,30.16 1 1
github.com/2389-research/tracker/pipeline/expand.go:30.16,32.3 1 1
github.com/2389-research/tracker/pipeline/expand.go:34.2,35.6 2 1
github.com/2389-research/tracker/pipeline/expand.go:35.6,38.21 2 1
github.com/2389-research/tracker/pipeline/expand.go:38.21,39.9 1 1
github.com/2389-research/tracker/pipeline/expand.go:43.3,44.19 2 1
github.com/2389-research/tracker/pipeline/expand.go:44.19,46.9 1 1
github.com/2389-research/tracker/pipeline/expand.go:48.3,52.20 3 1
github.com/2389-research/tracker/pipeline/expand.go:52.20,54.9 1 1
github.com/2389-research/tracker/pipeline/expand.go:58.3,59.22 2 1
github.com/2389-research/tracker/pipeline/expand.go:59.22,61.9 1 1
github.com/2389-research/tracker/pipeline/expand.go:64.3,69.17 4 1
github.com/2389-research/tracker/pipeline/expand.go:69.17,71.4 1 0
github.com/2389-research/tracker/pipeline/expand.go:73.3,73.13 1 1
github.com/2389-research/tracker/pipeline/expand.go:73.13,74.14 1 1
github.com/2389-research/tracker/pipeline/expand.go:74.14,80.5 2 1
github.com/2389-research/tracker/pipeline/expand.go:82.4,82.14 1 1
github.com/2389-research/tracker/pipeline/expand.go:86.3,86.57 1 1
github.com/2389-research/tracker/pipeline/expand.go:89.2,89.20 1 1
github.com/2389-research/tracker/pipeline/expand.go:99.25,100.19 1 1
github.com/2389-research/tracker/pipeline/expand.go:101.13,102.17 1 1
github.com/2389-research/tracker/pipeline/expand.go:102.17,104.4 1 1
github.com/2389-research/tracker/pipeline/expand.go:105.3,106.22 2 1
github.com/2389-research/tracker/pipeline/expand.go:108.16,109.20 1 1
github.com/2389-research/tracker/pipeline/expand.go:109.20,111.4 1 1
github.com/2389-research/tracker/pipeline/expand.go:112.3,113.22 2 1
github.com/2389-research/tracker/pipeline/expand.go:115.15,116.24 1 1
github.com/2389-research/tracker/pipeline/expand.go:116.24,118.4 1 1
github.com/2389-research/tracker/pipeline/expand.go:119.3,120.22 2 1
github.com/2389-research/tracker/pipeline/expand.go:122.10,124.24 1 1
github.com/2389-research/tracker/pipeline/expand.go:134.12,137.19 2 1
github.com/2389-research/tracker/pipeline/expand.go:138.13,139.17 1 1
github.com/2389-research/tracker/pipeline/expand.go:139.17,141.28 2 1
github.com/2389-research/tracker/pipeline/expand.go:141.28,143.5 1 1
github.com/2389-research/tracker/pipeline/expand.go:145.16,146.25 1 1
github.com/2389-research/tracker/pipeline/expand.go:146.25,148.4 1 0
github.com/2389-research/tracker/pipeline/expand.go:149.15,150.29 1 0
github.com/2389-research/tracker/pipeline/expand.go:150.29,152.4 1 0
github.com/2389-research/tracker/pipeline/expand.go:155.2,155.20 1 1
github.com/2389-research/tracker/pipeline/expand.go:155.20,157.3 1 1
github.com/2389-research/tracker/pipeline/expand.go:158.2,158.13 1 1
github.com/2389-research/tracker/pipeline/expand.go:164.62,166.21 2 1
github.com/2389-research/tracker/pipeline/expand.go:166.21,168.3 1 1
github.com/2389-research/tracker/pipeline/expand.go:170.2,171.29 2 1
github.com/2389-research/tracker/pipeline/expand.go:171.29,173.22 2 1
github.com/2389-research/tracker/pipeline/expand.go:173.22,176.17 3 1
github.com/2389-research/tracker/pipeline/expand.go:176.17,178.5 1 1
github.com/2389-research/tracker/pipeline/expand.go:182.2,182.15 1 1
github.com/2389-research/tracker/pipeline/expand.go:187.80,200.32 2 1
github.com/2389-research/tracker/pipeline/expand.go:200.32,210.36 2 1
github.com/2389-research/tracker/pipeline/expand.go:210.36,212.18 2 1
github.com/2389-research/tracker/pipeline/expand.go:212.18,214.5 1 0
github.com/2389-research/tracker/pipeline/expand.go:215.4,215.36 1 1
github.com/2389-research/tracker/pipeline/expand.go:219.3,219.23 1 1
github.com/2389-research/tracker/pipeline/expand.go:219.23,221.18 2 1
github.com/2389-research/tracker/pipeline/expand.go:221.18,223.5 1 0
github.com/2389-research/tracker/pipeline/expand.go:224.4,224.31 1 1
github.com/2389-research/tracker/pipeline/expand.go:227.3,227.31 1 1
github.com/2389-research/tracker/pipeline/expand.go:231.2,233.19 2 1
github.com/2389-research/tracker/pipeline/fidelity.go:63.48,65.25 2 1
github.com/2389-research/tracker/pipeline/fidelity.go:65.25,67.3 1 1
github.com/2389-research/tracker/pipeline/fidelity.go:68.2,68.15 1 1
github.com/2389-research/tracker/pipeline/fidelity.go:73.43,74.37 1 1
github.com/2389-research/tracker/pipeline/fidelity.go:74.37,76.3 1 1
github.com/2389-research/tracker/pipeline/fidelity.go:77.2,77.25 1 0
github.com/2389-research/tracker/pipeline/fidelity.go:83.73,84.43 1 1
github.com/2389-research/tracker/pipeline/fidelity.go:84.43,85.47 1 1
github.com/2389-research/tracker/pipeline/fidelity.go:85.47,87.4 1 1
github.com/2389-research/tracker/pipeline/fidelity.go:89.2,89.51 1 1
github.com/2389-research/tracker/pipeline/fidelity.go:89.51,90.47 1 1
github.com/2389-research/tracker/pipeline/fidelity.go:90.47,92.4 1 1
github.com/2389-research/tracker/pipeline/fidelity.go:94.2,94.21 1 1
github.com/2389-research/tracker/pipeline/fidelity.go:99.139,100.18 1 1
github.com/2389-research/tracker/pipeline/fidelity.go:101.20,102.24 1 1
github.com/2389-research/tracker/pipeline/fidelity.go:104.27,105.69 1 1
github.com/2389-research/tracker/pipeline/fidelity.go:107.29,108.35 1 1
github.com/2389-research/tracker/pipeline/fidelity.go:110.26,111.41 1 1
github.com/2389-research/tracker/pipeline/fidelity.go:113.23,114.29 1 1
github.com/2389-research/tracker/pipeline/fidelity.go:116.24,117.34 1 1
github.com/2389-research/tracker/pipeline/fidelity.go:119.10,120.24 1 0
github.com/2389-research/tracker/pipeline/fidelity.go:126.124,129.40 2 1
github.com/2389-research/tracker/pipeline/fidelity.go:129.40,132.17 3 1
github.com/2389-research/tracker/pipeline/fidelity.go:132.17,133.12 1 1
github.com/2389-research/tracker/pipeline/fidelity.go:135.3,136.26 2 1
github.com/2389-research/tracker/pipeline/fidelity.go:136.26,138.4 1 1
github.com/2389-research/tracker/pipeline/fidelity.go:139.3,139.38 1 1
github.com/2389-research/tracker/pipeline/fidelity.go:142.2,142.15 1 1
github.com/2389-research/tracker/pipeline/fidelity.go:147.75,149.33 2 1
github.com/2389-research/tracker/pipeline/fidelity.go:149.33,150.34 1 1
github.com/2389-research/tracker/pipeline/fidelity.go:150.34,151.34 1 1
github.com/2389-research/tracker/pipeline/fidelity.go:151.34,153.5 1 1
github.com/2389-research/tracker/pipeline/fidelity.go:154.4,154.21 1 1
github.com/2389-research/tracker/pipeline/fidelity.go:157.2,157.15 1 1
github.com/2389-research/tracker/pipeline/fidelity.go:162.82,164.45 2 1
github.com/2389-research/tracker/pipeline/fidelity.go:164.45,166.3 1 1
github.com/2389-research/tracker/pipeline/fidelity.go:167.2,168.40 2 1
github.com/2389-research/tracker/pipeline/fidelity.go:168.40,170.3 1 1
github.com/2389-research/tracker/pipeline/fidelity.go:171.2,172.15 2 1
github.com/2389-research/tracker/pipeline/fidelity.go:176.61,178.45 2 1
github.com/2389-research/tracker/pipeline/fidelity.go:178.45,180.3 1 1
github.com/2389-research/tracker/pipeline/fidelity.go:181.2,181.51 1 1
github.com/2389-research/tracker/pipeline/fidelity.go:181.51,183.3 1 1
github.com/2389-research/tracker/pipeline/fidelity.go:184.2,184.15 1 1
github.com/2389-research/tracker/pipeline/graph.go:21.50,24.2 2 1
github.com/2389-research/tracker/pipeline/graph.go:43.35,50.2 1 1
github.com/2389-research/tracker/pipeline/graph.go:56.34,57.20 1 1
github.com/2389-research/tracker/pipeline/graph.go:57.20,59.3 1 1
github.com/2389-research/tracker/pipeline/graph.go:60.2,60.47 1 1
github.com/2389-research/tracker/pipeline/graph.go:60.47,62.3 1 1
github.com/2389-research/tracker/pipeline/graph.go:62.8,62.55 1 1
github.com/2389-research/tracker/pipeline/graph.go:62.55,64.3 1 1
github.com/2389-research/tracker/pipeline/graph.go:68.2,68.65 1 1
github.com/2389-research/tracker/pipeline/graph.go:68.65,70.3 1 1
github.com/2389-research/tracker/pipeline/graph.go:73.2,73.83 1 1
github.com/2389-research/tracker/pipeline/graph.go:73.83,75.35 2 1
github.com/2389-research/tracker/pipeline/graph.go:75.35,77.4 1 1
github.com/2389-research/tracker/pipeline/graph.go:79.2,81.17 2 1
github.com/2389-research/tracker/pipeline/graph.go:82.18,83.21 1 1
github.com/2389-research/tracker/pipeline/graph.go:84.17,85.20 1 1
github.com/2389-research/tracker/pipeline/graph.go:91.34,92.20 1 1
github.com/2389-research/tracker/pipeline/graph.go:92.20,94.3 1 1
github.com/2389-research/tracker/pipeline/graph.go:95.2,95.30 1 1
github.com/2389-research/tracker/pipeline/graph.go:99.54,101.28 2 1
github.com/2389-research/tracker/pipeline/graph.go:101.28,102.23 1 1
github.com/2389-research/tracker/pipeline/graph.go:102.23,104.4 1 1
github.com/2389-research/tracker/pipeline/graph.go:106.2,106.15 1 1
github.com/2389-research/tracker/pipeline/graph.go:110.54,112.28 2 1
github.com/2389-research/tracker/pipeline/graph.go:112.28,113.21 1 1
github.com/2389-research/tracker/pipeline/graph.go:113.21,115.4 1 1
github.com/2389-research/tracker/pipeline/graph.go:117.2,117.15 1 1
github.com/2389-research/tracker/pipeline/handler.go:39.44,41.2 1 1
github.com/2389-research/tracker/pipeline/handler.go:45.47,47.2 1 1
github.com/2389-research/tracker/pipeline/handler.go:50.49,53.2 2 1
github.com/2389-research/tracker/pipeline/handler.go:56.52,58.2 1 1
github.com/2389-research/tracker/pipeline/handler.go:62.108,64.14 2 1
github.com/2389-research/tracker/pipeline/handler.go:64.14,66.3 1 1
github.com/2389-research/tracker/pipeline/handler.go:67.2,67.35 1 1
github.com/2389-research/tracker/pipeline/lint_dippin.go:12.41,29.2 14 1
github.com/2389-research/tracker/pipeline/lint_dippin.go:32.36,34.31 2 1
github.com/2389-research/tracker/pipeline/lint_dippin.go:34.31,36.33 1 1
github.com/2389-research/tracker/pipeline/lint_dippin.go:36.33,37.12 1 1
github.com/2389-research/tracker/pipeline/lint_dippin.go:39.3,40.19 2 1
github.com/2389-research/tracker/pipeline/lint_dippin.go:40.19,43.4 1 1
github.com/2389-research/tracker/pipeline/lint_dippin.go:45.2,45.17 1 1
github.com/2389-research/tracker/pipeline/lint_dippin.go:49.36,51.31 2 1
github.com/2389-research/tracker/pipeline/lint_dippin.go:51.31,53.29 1 1
github.com/2389-research/tracker/pipeline/lint_dippin.go:53.29,54.12 1 1
github.com/2389-research/tracker/pipeline/lint_dippin.go:57.3,57.70 1 1
github.com/2389-research/tracker/pipeline/lint_dippin.go:57.70,60.4 1 1
github.com/2389-research/tracker/pipeline/lint_dippin.go:62.2,62.17 1 1
github.com/2389-research/tracker/pipeline/lint_dippin.go:66.36,71.31 3 1
github.com/2389-research/tracker/pipeline/lint_dippin.go:71.31,73.3 1 1
github.com/2389-research/tracker/pipeline/lint_dippin.go:75.2,75.38 1 1
github.com/2389-research/tracker/pipeline/lint_dippin.go:75.38,76.22 1 1
github.com/2389-research/tracker/pipeline/lint_dippin.go:76.22,77.12 1 0
github.com/2389-research/tracker/pipeline/lint_dippin.go:80.3,82.30 3 1
github.com/2389-research/tracker/pipeline/lint_dippin.go:82.30,83.28 1 1
github.com/2389-research/tracker/pipeline/lint_dippin.go:83.28,85.5 1 1
github.com/2389-research/tracker/pipeline/lint_dippin.go:85.10,87.5 1 1
github.com/2389-research/tracker/pipeline/lint_dippin.go:91.3,91.42 1 1
github.com/2389-research/tracker/pipeline/lint_dippin.go:91.42,94.4 1 1
github.com/2389-research/tracker/pipeline/lint_dippin.go:97.2,97.17 1 1
github.com/2389-research/tracker/pipeline/lint_dippin.go:101.36,103.31 2 1
github.com/2389-research/tracker/pipeline/lint_dippin.go:103.31,109.132 4 1
github.com/2389-research/tracker/pipeline/lint_dippin.go:109.132,112.4 1 1
github.com/2389-research/tracker/pipeline/lint_dippin.go:114.2,114.17 1 1
github.com/2389-research/tracker/pipeline/lint_dippin.go:118.36,128.31 3 1
github.com/2389-research/tracker/pipeline/lint_dippin.go:128.31,129.33 1 1
github.com/2389-research/tracker/pipeline/lint_dippin.go:129.33,130.12 1 1
github.com/2389-research/tracker/pipeline/lint_dippin.go:133.3,134.18 2 1
github.com/2389-research/tracker/pipeline/lint_dippin.go:134.18,136.4 1 1
github.com/2389-research/tracker/pipeline/lint_dippin.go:137.3,137.18 1 1
github.com/2389-research/tracker/pipeline/lint_dippin.go:137.18,139.4 1 1
github.com/2389-research/tracker/pipeline/lint_dippin.go:141.3,142.21 2 1
github.com/2389-research/tracker/pipeline/lint_dippin.go:142.21,144.4 1 1
github.com/2389-research/tracker/pipeline/lint_dippin.go:145.3,145.21 1 1
github.com/2389-research/tracker/pipeline/lint_dippin.go:145.21,147.4 1 1
github.com/2389-research/tracker/pipeline/lint_dippin.go:150.3,150.36 1 1
github.com/2389-research/tracker/pipeline/lint_dippin.go:150.36,151.12 1 1
github.com/2389-research/tracker/pipeline/lint_dippin.go:155.3,155.36 1 0
github.com/2389-research/tracker/pipeline/lint_dippin.go:155.36,156.57 1 0
github.com/2389-research/tracker/pipeline/lint_dippin.go:156.57,158.40 2 0
github.com/2389-research/tracker/pipeline/lint_dippin.go:158.40,159.66 1 0
github.com/2389-research/tracker/pipeline/lint_dippin.go:159.66,161.12 2 0
github.com/2389-research/tracker/pipeline/lint_dippin.go:164.5,164.15 1 0
github.com/2389-research/tracker/pipeline/lint_dippin.go:164.15,168.6 1 0
github.com/2389-research/tracker/pipeline/lint_dippin.go:172.2,172.17 1 1
github.com/2389-research/tracker/pipeline/lint_dippin.go:176.36,178.23 2 1
github.com/2389-research/tracker/pipeline/lint_dippin.go:178.23,180.3 1 1
github.com/2389-research/tracker/pipeline/lint_dippin.go:183.2,184.31 2 1
github.com/2389-research/tracker/pipeline/lint_dippin.go:184.31,185.27 1 1
github.com/2389-research/tracker/pipeline/lint_dippin.go:185.27,187.4 1 1
github.com/2389-research/tracker/pipeline/lint_dippin.go:191.2,195.21 4 1
github.com/2389-research/tracker/pipeline/lint_dippin.go:195.21,199.47 3 1
github.com/2389-research/tracker/pipeline/lint_dippin.go:199.47,200.37 1 1
github.com/2389-research/tracker/pipeline/lint_dippin.go:200.37,203.5 2 1
github.com/2389-research/tracker/pipeline/lint_dippin.go:208.2,212.21 4 1
github.com/2389-research/tracker/pipeline/lint_dippin.go:212.21,216.49 3 1
github.com/2389-research/tracker/pipeline/lint_dippin.go:216.49,217.30 1 1
github.com/2389-research/tracker/pipeline/lint_dippin.go:217.30,220.5 2 1
github.com/2389-research/tracker/pipeline/lint_dippin.go:225.2,225.35 1 1
github.com/2389-research/tracker/pipeline/lint_dippin.go:225.35,226.63 1 1
github.com/2389-research/tracker/pipeline/lint_dippin.go:226.63,229.4 1 1
github.com/2389-research/tracker/pipeline/lint_dippin.go:232.2,232.17 1 1
github.com/2389-research/tracker/pipeline/lint_dippin.go:236.36,243.31 4 1
github.com/2389-research/tracker/pipeline/lint_dippin.go:243.31,244.41 1 1
github.com/2389-research/tracker/pipeline/lint_dippin.go:244.41,245.46 1 0
github.com/2389-research/tracker/pipeline/lint_dippin.go:245.46,247.18 2 0
github.com/2389-research/tracker/pipeline/lint_dippin.go:247.18,249.6 1 0
github.com/2389-research/tracker/pipeline/lint_dippin.go:252.3,252.40 1 1
github.com/2389-research/tracker/pipeline/lint_dippin.go:252.40,253.46 1 0
github.com/2389-research/tracker/pipeline/lint_dippin.go:253.46,255.18 2 0
github.com/2389-research/tracker/pipeline/lint_dippin.go:255.18,257.6 1 0
github.com/2389-research/tracker/pipeline/lint_dippin.go:263.2,263.35 1 1
github.com/2389-research/tracker/pipeline/lint_dippin.go:263.35,264.39 1 0
github.com/2389-research/tracker/pipeline/lint_dippin.go:264.39,265.35 1 0
github.com/2389-research/tracker/pipeline/lint_dippin.go:265.35,268.5 1 0
github.com/2389-research/tracker/pipeline/lint_dippin.go:272.2,272.17 1 1
github.com/2389-research/tracker/pipeline/lint_dippin.go:276.36,278.23 2 1
github.com/2389-research/tracker/pipeline/lint_dippin.go:278.23,280.3 1 1
github.com/2389-research/tracker/pipeline/lint_dippin.go:283.2,284.31 2 1
github.com/2389-research/tracker/pipeline/lint_dippin.go:284.31,285.41 1 1
github.com/2389-research/tracker/pipeline/lint_dippin.go:285.41,287.46 2 0
github.com/2389-research/tracker/pipeline/lint_dippin.go:287.46,289.18 2 0
github.com/2389-research/tracker/pipeline/lint_dippin.go:289.18,291.6 1 0
github.com/2389-research/tracker/pipeline/lint_dippin.go:297.2,297.31 1 1
github.com/2389-research/tracker/pipeline/lint_dippin.go:297.31,299.18 2 1
github.com/2389-research/tracker/pipeline/lint_dippin.go:299.18,300.12 1 1
github.com/2389-research/tracker/pipeline/lint_dippin.go:304.3,309.22 5 0
github.com/2389-research/tracker/pipeline/lint_dippin.go:309.22,313.33 3 0
github.com/2389-research/tracker/pipeline/lint_dippin.go:313.33,314.50 1 0
github.com/2389-research/tracker/pipeline/lint_dippin.go:314.50,318.6 3 0
github.com/2389-research/tracker/pipeline/lint_dippin.go:323.3,324.38 2 0
github.com/2389-research/tracker/pipeline/lint_dippin.go:324.38,325.46 1 0
github.com/2389-research/tracker/pipeline/lint_dippin.go:325.46,327.5 1 0
github.com/2389-research/tracker/pipeline/lint_dippin.go:331.3,331.49 1 0
github.com/2389-research/tracker/pipeline/lint_dippin.go:331.49,333.17 2 0
github.com/2389-research/tracker/pipeline/lint_dippin.go:333.17,334.13 1 0
github.com/2389-research/tracker/pipeline/lint_dippin.go:338.4,342.25 2 0
github.com/2389-research/tracker/pipeline/lint_dippin.go:342.25,343.13 1 0
github.com/2389-research/tracker/pipeline/lint_dippin.go:346.4,346.26 1 0
github.com/2389-research/tracker/pipeline/lint_dippin.go:346.26,349.5 1 0
github.com/2389-research/tracker/pipeline/lint_dippin.go:353.2,353.17 1 1
github.com/2389-research/tracker/pipeline/lint_dippin.go:357.36,359.43 2 1
github.com/2389-research/tracker/pipeline/lint_dippin.go:359.43,361.3 1 1
github.com/2389-research/tracker/pipeline/lint_dippin.go:364.2,368.21 4 1
github.com/2389-research/tracker/pipeline/lint_dippin.go:368.21,372.28 3 1
github.com/2389-research/tracker/pipeline/lint_dippin.go:372.28,375.4 1 1
github.com/2389-research/tracker/pipeline/lint_dippin.go:377.3,377.49 1 1
github.com/2389-research/tracker/pipeline/lint_dippin.go:377.49,378.49 1 1
github.com/2389-research/tracker/pipeline/lint_dippin.go:378.49,381.5 2 1
github.com/2389-research/tracker/pipeline/lint_dippin.go:385.2,386.17 2 1
github.com/2389-research/tracker/pipeline/lint_dippin.go:390.36,395.31 3 1
github.com/2389-research/tracker/pipeline/lint_dippin.go:395.31,396.41 1 1
github.com/2389-research/tracker/pipeline/lint_dippin.go:396.41,397.46 1 0
github.com/2389-research/tracker/pipeline/lint_dippin.go:397.46,399.18 2 0
github.com/2389-research/tracker/pipeline/lint_dippin.go:399.18,401.6 1 0
github.com/2389-research/tracker/pipeline/lint_dippin.go:407.2,412.31 2 1
github.com/2389-research/tracker/pipeline/lint_dippin.go:412.31,414.19 2 1
github.com/2389-research/tracker/pipeline/lint_dippin.go:414.19,415.12 1 1
github.com/2389-research/tracker/pipeline/lint_dippin.go:419.3,420.28 2 1
github.com/2389-research/tracker/pipeline/lint_dippin.go:420.28,423.23 2 0
github.com/2389-research/tracker/pipeline/lint_dippin.go:423.23,424.13 1 0
github.com/2389-research/tracker/pipeline/lint_dippin.go:427.4,431.26 3 0
github.com/2389-research/tracker/pipeline/lint_dippin.go:431.26,432.46 1 0
github.com/2389-research/tracker/pipeline/lint_dippin.go:432.46,435.6 1 0
github.com/2389-research/tracker/pipeline/lint_dippin.go:441.2,441.17 1 1
github.com/2389-research/tracker/pipeline/lint_dippin.go:445.48,447.6 2 1
github.com/2389-research/tracker/pipeline/lint_dippin.go:447.6,449.18 2 1
github.com/2389-research/tracker/pipeline/lint_dippin.go:449.18,450.9 1 1
github.com/2389-research/tracker/pipeline/lint_dippin.go:452.3,453.16 2 0
github.com/2389-research/tracker/pipeline/lint_dippin.go:453.16,454.9 1 0
github.com/2389-research/tracker/pipeline/lint_dippin.go:456.3,458.22 3 0
github.com/2389-research/tracker/pipeline/lint_dippin.go:460.2,460.13 1 1
github.com/2389-research/tracker/pipeline/lint_dippin.go:464.36,469.31 3 1
github.com/2389-research/tracker/pipeline/lint_dippin.go:469.31,471.3 1 1
github.com/2389-research/tracker/pipeline/lint_dippin.go:473.2,473.38 1 1
github.com/2389-research/tracker/pipeline/lint_dippin.go:473.38,474.21 1 1
github.com/2389-research/tracker/pipeline/lint_dippin.go:474.21,475.12 1 1
github.com/2389-research/tracker/pipeline/lint_dippin.go:479.3,480.30 2 1
github.com/2389-research/tracker/pipeline/lint_dippin.go:480.30,481.28 1 1
github.com/2389-research/tracker/pipeline/lint_dippin.go:481.28,483.5 1 1
github.com/2389-research/tracker/pipeline/lint_dippin.go:486.3,486.39 1 1
github.com/2389-research/tracker/pipeline/lint_dippin.go:486.39,487.17 1 1
github.com/2389-research/tracker/pipeline/lint_dippin.go:487.17,491.5 1 0
github.com/2389-research/tracker/pipeline/lint_dippin.go:495.2,495.17 1 1
github.com/2389-research/tracker/pipeline/lint_dippin.go:499.36,508.31 3 1
github.com/2389-research/tracker/pipeline/lint_dippin.go:508.31,509.60 1 1
github.com/2389-research/tracker/pipeline/lint_dippin.go:509.60,510.12 1 1
github.com/2389-research/tracker/pipeline/lint_dippin.go:513.3,514.19 2 0
github.com/2389-research/tracker/pipeline/lint_dippin.go:514.19,515.12 1 0
github.com/2389-research/tracker/pipeline/lint_dippin.go:519.3,519.51 1 0
github.com/2389-research/tracker/pipeline/lint_dippin.go:519.51,521.19 2 0
github.com/2389-research/tracker/pipeline/lint_dippin.go:521.19,522.13 1 0
github.com/2389-research/tracker/pipeline/lint_dippin.go:524.4,525.25 2 0
github.com/2389-research/tracker/pipeline/lint_dippin.go:525.25,529.5 1 0
github.com/2389-research/tracker/pipeline/lint_dippin.go:533.2,533.17 1 1
github.com/2389-research/tracker/pipeline/parser.go:14.43,15.34 1 1
github.com/2389-research/tracker/pipeline/parser.go:15.34,17.3 1 1
github.com/2389-research/tracker/pipeline/parser.go:19.2,20.16 2 1
github.com/2389-research/tracker/pipeline/parser.go:20.16,22.3 1 1
github.com/2389-research/tracker/pipeline/parser.go:24.2,25.62 2 1
github.com/2389-research/tracker/pipeline/parser.go:25.62,27.3 1 0
github.com/2389-research/tracker/pipeline/parser.go:29.2,32.45 2 1
github.com/2389-research/tracker/pipeline/parser.go:32.45,34.3 1 1
github.com/2389-research/tracker/pipeline/parser.go:37.2,37.37 1 1
github.com/2389-research/tracker/pipeline/parser.go:37.37,43.34 2 1
github.com/2389-research/tracker/pipeline/parser.go:43.34,45.15 2 1
github.com/2389-research/tracker/pipeline/parser.go:46.17,47.25 1 1
github.com/2389-research/tracker/pipeline/parser.go:48.17,49.25 1 1
github.com/2389-research/tracker/pipeline/parser.go:50.12,51.30 1 1
github.com/2389-research/tracker/pipeline/parser.go:55.3,55.18 1 1
github.com/2389-research/tracker/pipeline/parser.go:59.2,59.37 1 1
github.com/2389-research/tracker/pipeline/parser.go:59.37,66.34 2 1
github.com/2389-research/tracker/pipeline/parser.go:66.34,68.15 2 1
github.com/2389-research/tracker/pipeline/parser.go:69.17,70.25 1 1
github.com/2389-research/tracker/pipeline/parser.go:71.21,72.29 1 1
github.com/2389-research/tracker/pipeline/parser.go:73.12,74.30 1 0
github.com/2389-research/tracker/pipeline/parser.go:78.3,78.18 1 1
github.com/2389-research/tracker/pipeline/parser.go:81.2,81.15 1 1
github.com/2389-research/tracker/pipeline/parser.go:86.35,87.54 1 1
github.com/2389-research/tracker/pipeline/parser.go:87.54,89.3 1 1
github.com/2389-research/tracker/pipeline/parser.go:90.2,90.23 1 1
github.com/2389-research/tracker/pipeline/parser.go:94.35,95.31 1 1
github.com/2389-research/tracker/pipeline/parser.go:95.31,97.3 1 1
github.com/2389-research/tracker/pipeline/parser.go:98.2,100.30 3 0
github.com/2389-research/tracker/pipeline/parser.go:100.30,101.35 1 0
github.com/2389-research/tracker/pipeline/parser.go:101.35,102.18 1 0
github.com/2389-research/tracker/pipeline/parser.go:103.13,105.8 2 0
github.com/2389-research/tracker/pipeline/parser.go:106.13,108.8 2 0
github.com/2389-research/tracker/pipeline/parser.go:109.14,111.8 2 0
github.com/2389-research/tracker/pipeline/parser.go:112.13,114.8 2 0
github.com/2389-research/tracker/pipeline/parser.go:115.12,116.22 1 0
github.com/2389-research/tracker/pipeline/parser.go:118.9,120.4 1 0
github.com/2389-research/tracker/pipeline/parser.go:122.2,122.19 1 0
github.com/2389-research/tracker/pipeline/parser.go:148.38,153.2 1 1
github.com/2389-research/tracker/pipeline/parser.go:155.53,155.67 1 1
github.com/2389-research/tracker/pipeline/parser.go:156.53,156.67 1 1
github.com/2389-research/tracker/pipeline/parser.go:158.51,161.2 2 1
github.com/2389-research/tracker/pipeline/parser.go:163.117,170.2 2 1
github.com/2389-research/tracker/pipeline/parser.go:172.95,174.2 1 0
github.com/2389-research/tracker/pipeline/parser.go:176.96,177.43 1 1
github.com/2389-research/tracker/pipeline/parser.go:177.43,179.27 1 0
github.com/2389-research/tracker/pipeline/parser.go:179.27,181.4 1 0
github.com/2389-research/tracker/pipeline/parser.go:182.3,182.13 1 0
github.com/2389-research/tracker/pipeline/parser.go:184.2,190.12 4 1
github.com/2389-research/tracker/pipeline/parser.go:193.79,196.2 2 1
github.com/2389-research/tracker/pipeline/parser.go:198.100,200.2 1 0
github.com/2389-research/tracker/pipeline/parser.go:202.40,202.53 1 0
github.com/2389-research/tracker/pipeline/parser.go:205.59,207.26 2 1
github.com/2389-research/tracker/pipeline/parser.go:207.26,209.3 1 1
github.com/2389-research/tracker/pipeline/parser.go:210.2,210.12 1 1
github.com/2389-research/tracker/pipeline/retry_policy.go:22.30,29.3 1 1
github.com/2389-research/tracker/pipeline/retry_policy.go:30.34,37.3 1 1
github.com/2389-research/tracker/pipeline/retry_policy.go:38.36,45.3 1 1
github.com/2389-research/tracker/pipeline/retry_policy.go:46.33,53.3 1 1
github.com/2389-research/tracker/pipeline/retry_policy.go:54.32,61.3 1 1
github.com/2389-research/tracker/pipeline/retry_policy.go:65.57,67.9 2 1
github.com/2389-research/tracker/pipeline/retry_policy.go:67.9,69.3 1 1
github.com/2389-research/tracker/pipeline/retry_policy.go:70.2,70.24 1 1
github.com/2389-research/tracker/pipeline/retry_policy.go:79.80,83.48 2 1
github.com/2389-research/tracker/pipeline/retry_policy.go:83.48,85.3 1 1
github.com/2389-research/tracker/pipeline/retry_policy.go:88.2,88.19 1 1
github.com/2389-research/tracker/pipeline/retry_policy.go:88.19,89.57 1 1
github.com/2389-research/tracker/pipeline/retry_policy.go:89.57,91.4 1 1
github.com/2389-research/tracker/pipeline/retry_policy.go:95.2,95.19 1 1
github.com/2389-research/tracker/pipeline/retry_policy.go:95.19,97.3 1 1
github.com/2389-research/tracker/pipeline/retry_policy.go:100.2,100.45 1 1
github.com/2389-research/tracker/pipeline/retry_policy.go:100.45,101.45 1 1
github.com/2389-research/tracker/pipeline/retry_policy.go:101.45,103.4 1 1
github.com/2389-research/tracker/pipeline/retry_policy.go:104.8,104.58 1 1
github.com/2389-research/tracker/pipeline/retry_policy.go:104.58,106.45 1 1
github.com/2389-research/tracker/pipeline/retry_policy.go:106.45,108.4 1 1
github.com/2389-research/tracker/pipeline/retry_policy.go:113.2,113.44 1 1
github.com/2389-research/tracker/pipeline/retry_policy.go:113.44,114.51 1 1
github.com/2389-research/tracker/pipeline/retry_policy.go:114.51,116.4 1 1
github.com/2389-research/tracker/pipeline/retry_policy.go:119.2,119.15 1 1
github.com/2389-research/tracker/pipeline/retry_policy.go:123.72,125.31 2 1
github.com/2389-research/tracker/pipeline/retry_policy.go:125.31,127.33 2 1
github.com/2389-research/tracker/pipeline/retry_policy.go:127.33,129.4 1 1
github.com/2389-research/tracker/pipeline/retry_policy.go:131.2,131.32 1 1
github.com/2389-research/tracker/pipeline/retry_policy.go:131.32,133.3 1 0
github.com/2389-research/tracker/pipeline/retry_policy.go:134.2,134.14 1 1
github.com/2389-research/tracker/pipeline/retry_policy.go:139.67,141.32 2 1
github.com/2389-research/tracker/pipeline/retry_policy.go:141.32,143.3 1 1
github.com/2389-research/tracker/pipeline/retry_policy.go:144.2,144.14 1 1
github.com/2389-research/tracker/pipeline/stylesheet.go:24.57,27.17 3 1
github.com/2389-research/tracker/pipeline/stylesheet.go:27.17,29.3 1 1
github.com/2389-research/tracker/pipeline/stylesheet.go:31.2,32.31 2 1
github.com/2389-research/tracker/pipeline/stylesheet.go:32.31,34.18 2 1
github.com/2389-research/tracker/pipeline/stylesheet.go:34.18,35.12 1 1
github.com/2389-research/tracker/pipeline/stylesheet.go:37.3,38.22 2 1
github.com/2389-research/tracker/pipeline/stylesheet.go:38.22,40.4 1 0
github.com/2389-research/tracker/pipeline/stylesheet.go:41.3,43.21 3 1
github.com/2389-research/tracker/pipeline/stylesheet.go:43.21,45.4 1 0
github.com/2389-research/tracker/pipeline/stylesheet.go:46.3,47.53 2 1
github.com/2389-research/tracker/pipeline/stylesheet.go:47.53,49.18 2 1
github.com/2389-research/tracker/pipeline/stylesheet.go:49.18,50.13 1 1
github.com/2389-research/tracker/pipeline/stylesheet.go:52.4,53.20 2 1
github.com/2389-research/tracker/pipeline/stylesheet.go:53.20,55.5 1 0
github.com/2389-research/tracker/pipeline/stylesheet.go:56.4,58.32 3 1
github.com/2389-research/tracker/pipeline/stylesheet.go:58.32,60.5 1 1
github.com/2389-research/tracker/pipeline/stylesheet.go:62.3,62.26 1 1
github.com/2389-research/tracker/pipeline/stylesheet.go:62.26,64.4 1 1
github.com/2389-research/tracker/pipeline/stylesheet.go:66.2,66.16 1 1
github.com/2389-research/tracker/pipeline/stylesheet.go:71.41,72.21 1 1
github.com/2389-research/tracker/pipeline/stylesheet.go:72.21,74.3 1 1
github.com/2389-research/tracker/pipeline/stylesheet.go:75.2,75.38 1 1
github.com/2389-research/tracker/pipeline/stylesheet.go:75.38,77.3 1 1
github.com/2389-research/tracker/pipeline/stylesheet.go:78.2,78.38 1 1
github.com/2389-research/tracker/pipeline/stylesheet.go:78.38,80.3 1 1
github.com/2389-research/tracker/pipeline/stylesheet.go:81.2,81.10 1 1
github.com/2389-research/tracker/pipeline/stylesheet.go:88.61,98.32 4 1
github.com/2389-research/tracker/pipeline/stylesheet.go:98.32,99.56 1 1
github.com/2389-research/tracker/pipeline/stylesheet.go:99.56,105.4 1 1
github.com/2389-research/tracker/pipeline/stylesheet.go:110.2,110.48 1 1
github.com/2389-research/tracker/pipeline/stylesheet.go:110.48,111.55 1 1
github.com/2389-research/tracker/pipeline/stylesheet.go:111.55,113.4 1 1
github.com/2389-research/tracker/pipeline/stylesheet.go:114.3,114.45 1 1
github.com/2389-research/tracker/pipeline/stylesheet.go:117.2,118.28 2 1
github.com/2389-research/tracker/pipeline/stylesheet.go:118.28,119.34 1 1
github.com/2389-research/tracker/pipeline/stylesheet.go:119.34,121.4 1 1
github.com/2389-research/tracker/pipeline/stylesheet.go:126.2,126.31 1 1
github.com/2389-research/tracker/pipeline/stylesheet.go:126.31,127.51 1 1
github.com/2389-research/tracker/pipeline/stylesheet.go:127.51,128.12 1 1
github.com/2389-research/tracker/pipeline/stylesheet.go:130.3,130.18 1 1
github.com/2389-research/tracker/pipeline/stylesheet.go:133.2,133.17 1 1
github.com/2389-research/tracker/pipeline/stylesheet.go:137.85,138.21 1 1
github.com/2389-research/tracker/pipeline/stylesheet.go:138.21,140.3 1 1
github.com/2389-research/tracker/pipeline/stylesheet.go:141.2,141.38 1 1
github.com/2389-research/tracker/pipeline/stylesheet.go:141.38,143.3 1 1
github.com/2389-research/tracker/pipeline/stylesheet.go:144.2,144.38 1 1
github.com/2389-research/tracker/pipeline/stylesheet.go:144.38,146.3 1 1
github.com/2389-research/tracker/pipeline/stylesheet.go:147.2,147.31 1 1
github.com/2389-research/tracker/pipeline/stylesheet.go:151.47,153.46 2 1
github.com/2389-research/tracker/pipeline/stylesheet.go:153.46,154.51 1 1
github.com/2389-research/tracker/pipeline/stylesheet.go:154.51,156.15 2 1
github.com/2389-research/tracker/pipeline/stylesheet.go:156.15,157.13 1 0
github.com/2389-research/tracker/pipeline/stylesheet.go:159.4,159.21 1 1
github.com/2389-research/tracker/pipeline/stylesheet.go:162.2,162.16 1 1
github.com/2389-research/tracker/pipeline/subgraph.go:19.95,21.2 1 1
github.com/2389-research/tracker/pipeline/subgraph.go:24.41,26.2 1 0
github.com/2389-research/tracker/pipeline/subgraph.go:30.108,32.22 2 1
github.com/2389-research/tracker/pipeline/subgraph.go:32.22,34.3 1 1
github.com/2389-research/tracker/pipeline/subgraph.go:36.2,37.9 2 1
github.com/2389-research/tracker/pipeline/subgraph.go:37.9,39.3 1 1
github.com/2389-research/tracker/pipeline/subgraph.go:42.2,46.16 3 1
github.com/2389-research/tracker/pipeline/subgraph.go:46.16,48.3 1 0
github.com/2389-research/tracker/pipeline/subgraph.go:51.2,53.16 3 1
github.com/2389-research/tracker/pipeline/subgraph.go:53.16,55.3 1 0
github.com/2389-research/tracker/pipeline/subgraph.go:58.2,59.37 2 1
github.com/2389-research/tracker/pipeline/subgraph.go:59.37,61.3 1 1
github.com/2389-research/tracker/pipeline/subgraph.go:63.2,66.8 1 1
github.com/2389-research/tracker/pipeline/trace.go:46.45,48.2 1 1
github.com/2389-research/tracker/pipeline/trace.go:51.35,57.31 4 1
github.com/2389-research/tracker/pipeline/trace.go:57.31,60.21 2 1
github.com/2389-research/tracker/pipeline/trace.go:60.21,62.4 1 1
github.com/2389-research/tracker/pipeline/trace.go:63.3,63.20 1 1
github.com/2389-research/tracker/pipeline/trace.go:63.20,65.4 1 0
github.com/2389-research/tracker/pipeline/trace.go:66.3,66.25 1 1
github.com/2389-research/tracker/pipeline/trace.go:69.2,69.19 1 1
github.com/2389-research/tracker/pipeline/transforms.go:8.72,9.32 1 1
github.com/2389-research/tracker/pipeline/transforms.go:9.32,11.3 1 1
github.com/2389-research/tracker/pipeline/transforms.go:12.2,12.45 1 1
github.com/2389-research/tracker/pipeline/transforms.go:12.45,14.3 1 1
github.com/2389-research/tracker/pipeline/transforms.go:15.2,15.15 1 1
github.com/2389-research/tracker/pipeline/transforms.go:30.72,31.16 1 1
github.com/2389-research/tracker/pipeline/transforms.go:31.16,33.3 1 1
github.com/2389-research/tracker/pipeline/transforms.go:35.2,36.48 2 1
github.com/2389-research/tracker/pipeline/transforms.go:36.48,37.53 1 1
github.com/2389-research/tracker/pipeline/transforms.go:37.53,39.4 1 1
github.com/2389-research/tracker/pipeline/transforms.go:42.2,42.24 1 1
github.com/2389-research/tracker/pipeline/transforms.go:42.24,44.3 1 1
github.com/2389-research/tracker/pipeline/transforms.go:46.2,46.102 1 1
github.com/2389-research/tracker/pipeline/validate.go:16.42,18.23 2 1
github.com/2389-research/tracker/pipeline/validate.go:18.23,20.3 1 1
github.com/2389-research/tracker/pipeline/validate.go:21.2,21.25 1 1
github.com/2389-research/tracker/pipeline/validate.go:21.25,23.3 1 1
github.com/2389-research/tracker/pipeline/validate.go:24.2,24.35 1 1
github.com/2389-research/tracker/pipeline/validate.go:27.43,29.2 1 1
github.com/2389-research/tracker/pipeline/validate.go:31.50,33.2 1 1
github.com/2389-research/tracker/pipeline/validate.go:35.44,37.2 1 1
github.com/2389-research/tracker/pipeline/validate.go:39.46,41.2 1 1
github.com/2389-research/tracker/pipeline/validate.go:47.31,49.33 2 1
github.com/2389-research/tracker/pipeline/validate.go:49.33,51.3 1 1
github.com/2389-research/tracker/pipeline/validate.go:52.2,52.12 1 1
github.com/2389-research/tracker/pipeline/validate.go:57.45,59.55 2 1
github.com/2389-research/tracker/pipeline/validate.go:59.55,61.3 1 1
github.com/2389-research/tracker/pipeline/validate.go:62.2,62.12 1 0
github.com/2389-research/tracker/pipeline/validate.go:67.80,70.15 2 0
github.com/2389-research/tracker/pipeline/validate.go:70.15,72.3 1 0
github.com/2389-research/tracker/pipeline/validate.go:75.2,75.21 1 0
github.com/2389-research/tracker/pipeline/validate.go:75.21,77.17 2 0
github.com/2389-research/tracker/pipeline/validate.go:77.17,78.46 1 0
github.com/2389-research/tracker/pipeline/validate.go:78.46,80.5 1 0
github.com/2389-research/tracker/pipeline/validate.go:80.10,82.5 1 0
github.com/2389-research/tracker/pipeline/validate.go:84.3,84.53 1 0
github.com/2389-research/tracker/pipeline/validate.go:87.2,87.40 1 0
github.com/2389-research/tracker/pipeline/validate.go:87.40,89.3 1 0
github.com/2389-research/tracker/pipeline/validate.go:90.2,90.12 1 0
github.com/2389-research/tracker/pipeline/validate.go:93.47,94.14 1 1
github.com/2389-research/tracker/pipeline/validate.go:94.14,96.3 1 1
github.com/2389-research/tracker/pipeline/validate.go:97.2,99.23 2 1
github.com/2389-research/tracker/pipeline/validate.go:99.23,102.3 2 1
github.com/2389-research/tracker/pipeline/validate.go:106.2,106.24 1 1
github.com/2389-research/tracker/pipeline/validate.go:106.24,112.3 5 1
github.com/2389-research/tracker/pipeline/validate.go:115.2,120.11 5 1
github.com/2389-research/tracker/pipeline/validate.go:124.55,126.28 2 1
github.com/2389-research/tracker/pipeline/validate.go:126.28,127.18 1 1
github.com/2389-research/tracker/pipeline/validate.go:128.19,129.16 1 1
github.com/2389-research/tracker/pipeline/validate.go:130.18,131.15 1 1
github.com/2389-research/tracker/pipeline/validate.go:135.2,135.21 1 1
github.com/2389-research/tracker/pipeline/validate.go:135.21,137.3 1 1
github.com/2389-research/tracker/pipeline/validate.go:137.8,137.27 1 1
github.com/2389-research/tracker/pipeline/validate.go:137.27,139.3 1 1
github.com/2389-research/tracker/pipeline/validate.go:141.2,141.20 1 1
github.com/2389-research/tracker/pipeline/validate.go:141.20,143.3 1 1
github.com/2389-research/tracker/pipeline/validate.go:143.8,143.26 1 1
github.com/2389-research/tracker/pipeline/validate.go:143.26,145.3 1 0
github.com/2389-research/tracker/pipeline/validate.go:149.59,150.28 1 1
github.com/2389-research/tracker/pipeline/validate.go:150.28,151.36 1 1
github.com/2389-research/tracker/pipeline/validate.go:151.36,153.4 1 1
github.com/2389-research/tracker/pipeline/validate.go:154.3,154.34 1 1
github.com/2389-research/tracker/pipeline/validate.go:154.34,156.4 1 1
github.com/2389-research/tracker/pipeline/validate.go:160.63,161.22 1 1
github.com/2389-research/tracker/pipeline/validate.go:161.22,163.3 1 1
github.com/2389-research/tracker/pipeline/validate.go:164.2,164.64 1 1
github.com/2389-research/tracker/pipeline/validate.go:164.64,166.3 1 1
github.com/2389-research/tracker/pipeline/validate.go:170.52,171.28 1 1
github.com/2389-research/tracker/pipeline/validate.go:171.28,172.44 1 1
github.com/2389-research/tracker/pipeline/validate.go:172.44,174.4 1 1
github.com/2389-research/tracker/pipeline/validate.go:179.58,180.23 1 1
github.com/2389-research/tracker/pipeline/validate.go:180.23,182.3 1 1
github.com/2389-research/tracker/pipeline/validate.go:184.2,188.21 4 1
github.com/2389-research/tracker/pipeline/validate.go:188.21,192.46 3 1
github.com/2389-research/tracker/pipeline/validate.go:192.46,193.22 1 1
github.com/2389-research/tracker/pipeline/validate.go:193.22,196.5 2 1
github.com/2389-research/tracker/pipeline/validate.go:200.2,200.26 1 1
github.com/2389-research/tracker/pipeline/validate.go:200.26,201.19 1 1
github.com/2389-research/tracker/pipeline/validate.go:201.19,203.4 1 1
github.com/2389-research/tracker/pipeline/validate.go:211.54,212.23 1 1
github.com/2389-research/tracker/pipeline/validate.go:212.23,214.3 1 1
github.com/2389-research/tracker/pipeline/validate.go:218.2,220.28 3 1
github.com/2389-research/tracker/pipeline/validate.go:220.28,221.24 1 1
github.com/2389-research/tracker/pipeline/validate.go:221.24,223.4 1 1
github.com/2389-research/tracker/pipeline/validate.go:226.2,233.26 3 1
github.com/2389-research/tracker/pipeline/validate.go:233.26,235.3 1 1
github.com/2389-research/tracker/pipeline/validate.go:237.2,238.33 2 1
github.com/2389-research/tracker/pipeline/validate.go:238.33,240.45 2 1
github.com/2389-research/tracker/pipeline/validate.go:240.45,241.45 1 1
github.com/2389-research/tracker/pipeline/validate.go:241.45,242.13 1 1
github.com/2389-research/tracker/pipeline/validate.go:244.4,244.23 1 1
github.com/2389-research/tracker/pipeline/validate.go:245.14,246.16 1 1
github.com/2389-research/tracker/pipeline/validate.go:247.15,248.18 1 1
github.com/2389-research/tracker/pipeline/validate.go:248.18,250.6 1 1
github.com/2389-research/tracker/pipeline/validate.go:253.3,254.15 2 1
github.com/2389-research/tracker/pipeline/validate.go:257.2,257.22 1 1
github.com/2389-research/tracker/pipeline/validate.go:257.22,259.3 1 1
github.com/2389-research/tracker/pipeline/validate.go:263.62,266.28 3 1
github.com/2389-research/tracker/pipeline/validate.go:266.28,268.14 2 1
github.com/2389-research/tracker/pipeline/validate.go:268.14,270.4 1 1
github.com/2389-research/tracker/pipeline/validate.go:271.3,271.17 1 1
github.com/2389-research/tracker/pipeline/validate.go:277.66,278.28 1 1
github.com/2389-research/tracker/pipeline/validate.go:278.28,279.27 1 1
github.com/2389-research/tracker/pipeline/validate.go:279.27,280.12 1 1
github.com/2389-research/tracker/pipeline/validate.go:282.3,284.30 3 1
github.com/2389-research/tracker/pipeline/validate.go:284.30,286.77 2 1
github.com/2389-research/tracker/pipeline/validate.go:286.77,288.10 2 1
github.com/2389-research/tracker/pipeline/validate.go:291.3,291.15 1 1
github.com/2389-research/tracker/pipeline/validate.go:291.15,293.4 1 1
github.com/2389-research/tracker/pipeline/validate.go:299.66,300.28 1 1
github.com/2389-research/tracker/pipeline/validate.go:300.28,301.27 1 1
github.com/2389-research/tracker/pipeline/validate.go:301.27,302.12 1 1
github.com/2389-research/tracker/pipeline/validate.go:304.3,305.24 2 1
github.com/2389-research/tracker/pipeline/validate.go:305.24,306.12 1 1
github.com/2389-research/tracker/pipeline/validate.go:308.3,309.30 2 1
github.com/2389-research/tracker/pipeline/validate.go:309.30,310.21 1 1
github.com/2389-research/tracker/pipeline/validate.go:310.21,312.5 1 1
github.com/2389-research/tracker/pipeline/validate.go:314.3,314.45 1 1
github.com/2389-research/tracker/pipeline/validate.go:314.45,316.4 1 1
github.com/2389-research/tracker/pipeline/validate.go:323.33,325.28 2 1
github.com/2389-research/tracker/pipeline/validate.go:325.28,326.27 1 1
github.com/2389-research/tracker/pipeline/validate.go:326.27,327.12 1 1
github.com/2389-research/tracker/pipeline/validate.go:329.3,331.30 3 1
github.com/2389-research/tracker/pipeline/validate.go:331.30,333.77 2 1
github.com/2389-research/tracker/pipeline/validate.go:333.77,335.10 2 1
github.com/2389-research/tracker/pipeline/validate.go:338.3,338.15 1 1
github.com/2389-research/tracker/pipeline/validate.go:338.15,346.4 2 1
github.com/2389-research/tracker/pipeline/validate.go:348.2,348.14 1 1
github.com/2389-research/tracker/pipeline/validate_semantic.go:15.94,16.14 1 1
github.com/2389-research/tracker/pipeline/validate_semantic.go:16.14,18.3 1 1
github.com/2389-research/tracker/pipeline/validate_semantic.go:19.2,27.20 6 1
github.com/2389-research/tracker/pipeline/validate_semantic.go:27.20,29.3 1 1
github.com/2389-research/tracker/pipeline/validate_semantic.go:30.2,30.26 1 1
github.com/2389-research/tracker/pipeline/validate_semantic.go:36.92,37.31 1 1
github.com/2389-research/tracker/pipeline/validate_semantic.go:37.31,38.78 1 1
github.com/2389-research/tracker/pipeline/validate_semantic.go:38.78,39.12 1 1
github.com/2389-research/tracker/pipeline/validate_semantic.go:41.3,41.34 1 1
github.com/2389-research/tracker/pipeline/validate_semantic.go:41.34,43.4 1 1
github.com/2389-research/tracker/pipeline/validate_semantic.go:50.61,52.31 2 1
github.com/2389-research/tracker/pipeline/validate_semantic.go:52.31,53.27 1 1
github.com/2389-research/tracker/pipeline/validate_semantic.go:53.27,54.12 1 1
github.com/2389-research/tracker/pipeline/validate_semantic.go:56.3,56.72 1 1
github.com/2389-research/tracker/pipeline/validate_semantic.go:56.72,59.4 1 1
github.com/2389-research/tracker/pipeline/validate_semantic.go:67.73,70.36 2 1
github.com/2389-research/tracker/pipeline/validate_semantic.go:70.36,72.19 2 1
github.com/2389-research/tracker/pipeline/validate_semantic.go:72.19,74.4 1 0
github.com/2389-research/tracker/pipeline/validate_semantic.go:75.3,76.37 2 1
github.com/2389-research/tracker/pipeline/validate_semantic.go:76.37,78.20 2 1
github.com/2389-research/tracker/pipeline/validate_semantic.go:78.20,80.5 1 0
github.com/2389-research/tracker/pipeline/validate_semantic.go:81.4,81.52 1 1
github.com/2389-research/tracker/pipeline/validate_semantic.go:81.52,83.5 1 1
github.com/2389-research/tracker/pipeline/validate_semantic.go:89.2,90.9 2 1
github.com/2389-research/tracker/pipeline/validate_semantic.go:90.9,91.16 1 1
github.com/2389-research/tracker/pipeline/validate_semantic.go:91.16,92.32 1 1
github.com/2389-research/tracker/pipeline/validate_semantic.go:92.32,94.5 1 0
github.com/2389-research/tracker/pipeline/validate_semantic.go:96.3,96.49 1 1
github.com/2389-research/tracker/pipeline/validate_semantic.go:99.2,99.16 1 1
github.com/2389-research/tracker/pipeline/validate_semantic.go:105.45,108.38 2 1
github.com/2389-research/tracker/pipeline/validate_semantic.go:108.38,110.3 1 0
github.com/2389-research/tracker/pipeline/validate_semantic.go:113.2,113.82 1 1
github.com/2389-research/tracker/pipeline/validate_semantic.go:113.82,114.48 1 1
github.com/2389-research/tracker/pipeline/validate_semantic.go:114.48,117.33 3 0
github.com/2389-research/tracker/pipeline/validate_semantic.go:117.33,119.5 1 0
github.com/2389-research/tracker/pipeline/validate_semantic.go:120.4,120.14 1 0
github.com/2389-research/tracker/pipeline/validate_semantic.go:125.2,125.49 1 1
github.com/2389-research/tracker/pipeline/validate_semantic.go:125.49,128.32 3 0
github.com/2389-research/tracker/pipeline/validate_semantic.go:128.32,130.4 1 0
github.com/2389-research/tracker/pipeline/validate_semantic.go:131.3,131.13 1 0
github.com/2389-research/tracker/pipeline/validate_semantic.go:134.2,134.48 1 1
github.com/2389-research/tracker/pipeline/validate_semantic.go:134.48,137.32 3 1
github.com/2389-research/tracker/pipeline/validate_semantic.go:137.32,139.4 1 1
github.com/2389-research/tracker/pipeline/validate_semantic.go:140.3,140.13 1 1
github.com/2389-research/tracker/pipeline/validate_semantic.go:144.2,144.12 1 0
github.com/2389-research/tracker/pipeline/validate_semantic.go:149.60,151.48 1 1
github.com/2389-research/tracker/pipeline/validate_semantic.go:151.48,152.34 1 1
github.com/2389-research/tracker/pipeline/validate_semantic.go:152.34,154.4 1 1
github.com/2389-research/tracker/pipeline/validate_semantic.go:156.2,156.48 1 1
github.com/2389-research/tracker/pipeline/validate_semantic.go:156.48,157.33 1 1
github.com/2389-research/tracker/pipeline/validate_semantic.go:157.33,159.4 1 1
github.com/2389-research/tracker/pipeline/validate_semantic.go:162.2,162.31 1 1
[...]
github.com/2389-research/tracker/pipeline/handlers/codergen.go:148.2,151.41 3 1
github.com/2389-research/tracker/pipeline/handlers/codergen.go:151.41,153.3 1 1
github.com/2389-research/tracker/pipeline/handlers/codergen.go:155.2,162.40 2 1
github.com/2389-research/tracker/pipeline/handlers/codergen.go:162.40,164.3 1 1
github.com/2389-research/tracker/pipeline/handlers/codergen.go:165.2,165.26 1 1
github.com/2389-research/tracker/pipeline/handlers/codergen.go:165.26,167.3 1 1
github.com/2389-research/tracker/pipeline/handlers/codergen.go:168.2,168.111 1 1
github.com/2389-research/tracker/pipeline/handlers/codergen.go:168.111,170.3 1 0
github.com/2389-research/tracker/pipeline/handlers/codergen.go:171.2,171.21 1 1
github.com/2389-research/tracker/pipeline/handlers/codergen.go:176.80,179.24 2 1
github.com/2389-research/tracker/pipeline/handlers/codergen.go:179.24,181.3 1 1
github.com/2389-research/tracker/pipeline/handlers/codergen.go:184.2,184.48 1 1
github.com/2389-research/tracker/pipeline/handlers/codergen.go:184.48,186.3 1 0
github.com/2389-research/tracker/pipeline/handlers/codergen.go:187.2,187.46 1 1
github.com/2389-research/tracker/pipeline/handlers/codergen.go:187.46,189.3 1 0
github.com/2389-research/tracker/pipeline/handlers/codergen.go:190.2,190.54 1 1
github.com/2389-research/tracker/pipeline/handlers/codergen.go:190.54,192.3 1 0
github.com/2389-research/tracker/pipeline/handlers/codergen.go:193.2,193.52 1 1
github.com/2389-research/tracker/pipeline/handlers/codergen.go:193.52,195.3 1 0
github.com/2389-research/tracker/pipeline/handlers/codergen.go:196.2,196.47 1 1
github.com/2389-research/tracker/pipeline/handlers/codergen.go:196.47,198.3 1 1
github.com/2389-research/tracker/pipeline/handlers/codergen.go:199.2,199.43 1 1
github.com/2389-research/tracker/pipeline/handlers/codergen.go:199.43,200.54 1 0
github.com/2389-research/tracker/pipeline/handlers/codergen.go:200.54,202.4 1 0
github.com/2389-research/tracker/pipeline/handlers/codergen.go:204.2,204.49 1 1
github.com/2389-research/tracker/pipeline/handlers/codergen.go:204.49,205.60 1 0
github.com/2389-research/tracker/pipeline/handlers/codergen.go:205.60,207.4 1 0
github.com/2389-research/tracker/pipeline/handlers/codergen.go:212.2,212.64 1 1
github.com/2389-research/tracker/pipeline/handlers/codergen.go:212.64,214.3 1 1
github.com/2389-research/tracker/pipeline/handlers/codergen.go:215.2,215.62 1 1
github.com/2389-research/tracker/pipeline/handlers/codergen.go:215.62,217.3 1 1
github.com/2389-research/tracker/pipeline/handlers/codergen.go:219.2,219.68 1 1
github.com/2389-research/tracker/pipeline/handlers/codergen.go:219.68,221.3 1 1
github.com/2389-research/tracker/pipeline/handlers/codergen.go:222.2,222.51 1 1
github.com/2389-research/tracker/pipeline/handlers/codergen.go:222.51,224.3 1 1
github.com/2389-research/tracker/pipeline/handlers/codergen.go:227.2,227.68 1 1
github.com/2389-research/tracker/pipeline/handlers/codergen.go:227.68,230.3 2 0
github.com/2389-research/tracker/pipeline/handlers/codergen.go:231.2,231.51 1 1
github.com/2389-research/tracker/pipeline/handlers/codergen.go:231.51,232.18 1 0
github.com/2389-research/tracker/pipeline/handlers/codergen.go:232.18,234.39 2 0
github.com/2389-research/tracker/pipeline/handlers/codergen.go:234.39,236.5 1 0
github.com/2389-research/tracker/pipeline/handlers/codergen.go:237.9,239.4 1 0
github.com/2389-research/tracker/pipeline/handlers/codergen.go:241.2,241.61 1 1
github.com/2389-research/tracker/pipeline/handlers/codergen.go:241.61,242.54 1 0
github.com/2389-research/tracker/pipeline/handlers/codergen.go:242.54,244.4 1 0
github.com/2389-research/tracker/pipeline/handlers/codergen.go:247.2,247.15 1 1
github.com/2389-research/tracker/pipeline/handlers/codergen.go:255.42,257.49 2 1
github.com/2389-research/tracker/pipeline/handlers/codergen.go:257.49,259.42 2 1
github.com/2389-research/tracker/pipeline/handlers/codergen.go:259.42,260.12 1 1
github.com/2389-research/tracker/pipeline/handlers/codergen.go:262.3,263.17 2 1
github.com/2389-research/tracker/pipeline/handlers/codergen.go:264.18,265.36 1 1
github.com/2389-research/tracker/pipeline/handlers/codergen.go:266.15,267.33 1 1
github.com/2389-research/tracker/pipeline/handlers/codergen.go:268.16,269.34 1 1
github.com/2389-research/tracker/pipeline/handlers/codergen.go:272.2,272.15 1 1
github.com/2389-research/tracker/pipeline/handlers/codergen.go:277.107,278.25 1 1
github.com/2389-research/tracker/pipeline/handlers/codergen.go:278.25,280.3 1 0
github.com/2389-research/tracker/pipeline/handlers/codergen.go:282.2,284.34 3 1
github.com/2389-research/tracker/pipeline/handlers/codergen.go:284.34,285.16 1 1
github.com/2389-research/tracker/pipeline/handlers/codergen.go:285.16,286.12 1 0
github.com/2389-research/tracker/pipeline/handlers/codergen.go:288.3,288.66 1 1
github.com/2389-research/tracker/pipeline/handlers/codergen.go:291.2,291.24 1 1
github.com/2389-research/tracker/pipeline/handlers/codergen.go:291.24,293.3 1 0
github.com/2389-research/tracker/pipeline/handlers/codergen.go:295.2,295.64 1 1
github.com/2389-research/tracker/pipeline/handlers/codergen.go:305.60,306.18 1 1
github.com/2389-research/tracker/pipeline/handlers/codergen.go:307.28,308.62 1 1
github.com/2389-research/tracker/pipeline/handlers/codergen.go:309.32,311.26 2 1
github.com/2389-research/tracker/pipeline/handlers/codergen.go:311.26,314.4 2 1
github.com/2389-research/tracker/pipeline/handlers/codergen.go:315.30,317.27 2 1
github.com/2389-research/tracker/pipeline/handlers/codergen.go:317.27,320.4 2 1
github.com/2389-research/tracker/pipeline/handlers/codergen.go:321.3,321.26 1 1
github.com/2389-research/tracker/pipeline/handlers/codergen.go:321.26,324.4 2 1
github.com/2389-research/tracker/pipeline/handlers/codergen.go:325.28,326.21 1 1
github.com/2389-research/tracker/pipeline/handlers/codergen.go:326.21,330.4 3 1
github.com/2389-research/tracker/pipeline/handlers/codergen.go:331.24,332.21 1 1
github.com/2389-research/tracker/pipeline/handlers/codergen.go:332.21,335.4 2 1
github.com/2389-research/tracker/pipeline/handlers/codergen.go:339.45,341.2 1 1
github.com/2389-research/tracker/pipeline/handlers/codergen.go:343.51,345.2 1 1
github.com/2389-research/tracker/pipeline/handlers/codergen.go:349.70,351.32 2 1
github.com/2389-research/tracker/pipeline/handlers/codergen.go:351.32,353.3 1 1
github.com/2389-research/tracker/pipeline/handlers/codergen.go:354.2,364.3 1 1
github.com/2389-research/tracker/pipeline/handlers/conditional.go:18.50,18.82 1 1
github.com/2389-research/tracker/pipeline/handlers/conditional.go:21.44,21.68 1 1
github.com/2389-research/tracker/pipeline/handlers/conditional.go:24.138,26.2 1 1
github.com/2389-research/tracker/pipeline/handlers/exit.go:16.36,16.61 1 1
github.com/2389-research/tracker/pipeline/handlers/exit.go:19.37,19.54 1 1
github.com/2389-research/tracker/pipeline/handlers/exit.go:22.131,24.2 1 1
github.com/2389-research/tracker/pipeline/handlers/fanin.go:20.38,22.2 1 1
github.com/2389-research/tracker/pipeline/handlers/fanin.go:25.38,25.66 1 1
github.com/2389-research/tracker/pipeline/handlers/fanin.go:31.130,33.9 2 1
github.com/2389-research/tracker/pipeline/handlers/fanin.go:33.9,35.3 1 1
github.com/2389-research/tracker/pipeline/handlers/fanin.go:37.2,38.62 2 1
github.com/2389-research/tracker/pipeline/handlers/fanin.go:38.62,40.3 1 1
github.com/2389-research/tracker/pipeline/handlers/fanin.go:42.2,45.28 3 1
github.com/2389-research/tracker/pipeline/handlers/fanin.go:45.28,46.42 1 1
github.com/2389-research/tracker/pipeline/handlers/fanin.go:46.42,48.39 2 1
github.com/2389-research/tracker/pipeline/handlers/fanin.go:48.39,50.5 1 1
github.com/2389-research/tracker/pipeline/handlers/fanin.go:54.2,55.16 2 1
github.com/2389-research/tracker/pipeline/handlers/fanin.go:55.16,57.3 1 1
github.com/2389-research/tracker/pipeline/handlers/fanin.go:59.2,62.8 1 1
github.com/2389-research/tracker/pipeline/handlers/human.go:38.109,39.23 1 1
github.com/2389-research/tracker/pipeline/handlers/human.go:39.23,41.3 1 1
github.com/2389-research/tracker/pipeline/handlers/human.go:42.2,42.25 1 1
github.com/2389-research/tracker/pipeline/handlers/human.go:42.25,44.3 1 1
github.com/2389-research/tracker/pipeline/handlers/human.go:45.2,45.24 1 1
github.com/2389-research/tracker/pipeline/handlers/human.go:55.85,57.2 1 1
github.com/2389-research/tracker/pipeline/handlers/human.go:64.106,65.34 1 1
github.com/2389-research/tracker/pipeline/handlers/human.go:65.34,67.3 1 0
github.com/2389-research/tracker/pipeline/handlers/human.go:68.2,68.50 1 1
github.com/2389-research/tracker/pipeline/handlers/human.go:76.103,77.25 1 1
github.com/2389-research/tracker/pipeline/handlers/human.go:77.25,79.3 1 0
github.com/2389-research/tracker/pipeline/handlers/human.go:80.2,82.20 3 1
github.com/2389-research/tracker/pipeline/handlers/human.go:95.50,97.2 1 0
github.com/2389-research/tracker/pipeline/handlers/human.go:101.57,102.22 1 1
github.com/2389-research/tracker/pipeline/handlers/human.go:102.22,104.3 1 1
github.com/2389-research/tracker/pipeline/handlers/human.go:105.2,105.23 1 1
github.com/2389-research/tracker/pipeline/handlers/human.go:105.23,107.3 1 0
github.com/2389-research/tracker/pipeline/handlers/human.go:108.2,108.30 1 1
github.com/2389-research/tracker/pipeline/handlers/human.go:114.105,115.23 1 1
github.com/2389-research/tracker/pipeline/handlers/human.go:115.23,117.3 1 0
github.com/2389-research/tracker/pipeline/handlers/human.go:119.2,120.33 2 1
github.com/2389-research/tracker/pipeline/handlers/human.go:120.33,122.30 2 1
github.com/2389-research/tracker/pipeline/handlers/human.go:122.30,124.4 1 0
github.com/2389-research/tracker/pipeline/handlers/human.go:125.3,125.59 1 1
github.com/2389-research/tracker/pipeline/handlers/human.go:128.2,128.25 1 1
github.com/2389-research/tracker/pipeline/handlers/human.go:128.25,130.3 1 0
github.com/2389-research/tracker/pipeline/handlers/human.go:130.8,132.3 1 1
github.com/2389-research/tracker/pipeline/handlers/human.go:134.2,135.16 2 1
github.com/2389-research/tracker/pipeline/handlers/human.go:135.16,136.26 1 0
github.com/2389-research/tracker/pipeline/handlers/human.go:136.26,138.4 1 0
github.com/2389-research/tracker/pipeline/handlers/human.go:139.3,139.17 1 0
github.com/2389-research/tracker/pipeline/handlers/human.go:142.2,143.40 2 1
github.com/2389-research/tracker/pipeline/handlers/human.go:143.40,145.3 1 0
github.com/2389-research/tracker/pipeline/handlers/human.go:148.2,148.33 1 1
github.com/2389-research/tracker/pipeline/handlers/human.go:148.33,149.39 1 1
github.com/2389-research/tracker/pipeline/handlers/human.go:149.39,151.4 1 1
github.com/2389-research/tracker/pipeline/handlers/human.go:155.2,156.57 2 0
github.com/2389-research/tracker/pipeline/handlers/human.go:156.57,157.38 1 0
github.com/2389-research/tracker/pipeline/handlers/human.go:157.38,159.4 1 0
github.com/2389-research/tracker/pipeline/handlers/human.go:162.2,162.52 1 0
github.com/2389-research/tracker/pipeline/handlers/human.go:167.73,171.16 3 1
github.com/2389-research/tracker/pipeline/handlers/human.go:171.16,173.3 1 0
github.com/2389-research/tracker/pipeline/handlers/human.go:175.2,176.17 2 1
github.com/2389-research/tracker/pipeline/handlers/human.go:176.17,178.3 1 1
github.com/2389-research/tracker/pipeline/handlers/human.go:180.2,180.19 1 1
github.com/2389-research/tracker/pipeline/handlers/human.go:194.84,196.2 1 1
github.com/2389-research/tracker/pipeline/handlers/human.go:199.38,199.61 1 1
github.com/2389-research/tracker/pipeline/handlers/human.go:206.132,208.18 2 1
github.com/2389-research/tracker/pipeline/handlers/human.go:208.18,210.3 1 1
github.com/2389-research/tracker/pipeline/handlers/human.go:214.2,215.20 2 1
github.com/2389-research/tracker/pipeline/handlers/human.go:215.20,217.3 1 1
github.com/2389-research/tracker/pipeline/handlers/human.go:218.2,219.40 2 1
github.com/2389-research/tracker/pipeline/handlers/human.go:219.40,221.3 1 1
github.com/2389-research/tracker/pipeline/handlers/human.go:226.2,226.85 1 1
github.com/2389-research/tracker/pipeline/handlers/human.go:226.85,228.3 1 1
github.com/2389-research/tracker/pipeline/handlers/human.go:231.2,231.38 1 1
github.com/2389-research/tracker/pipeline/handlers/human.go:231.38,233.10 2 1
github.com/2389-research/tracker/pipeline/handlers/human.go:233.10,235.4 1 1
github.com/2389-research/tracker/pipeline/handlers/human.go:236.3,237.17 2 1
github.com/2389-research/tracker/pipeline/handlers/human.go:237.17,239.4 1 0
github.com/2389-research/tracker/pipeline/handlers/human.go:240.3,243.9 1 1
github.com/2389-research/tracker/pipeline/handlers/human.go:247.2,248.21 2 1
github.com/2389-research/tracker/pipeline/handlers/human.go:248.21,250.3 1 1
github.com/2389-research/tracker/pipeline/handlers/human.go:252.2,253.26 2 1
github.com/2389-research/tracker/pipeline/handlers/human.go:253.26,255.18 2 1
github.com/2389-research/tracker/pipeline/handlers/human.go:255.18,257.4 1 0
github.com/2389-research/tracker/pipeline/handlers/human.go:258.3,258.35 1 1
github.com/2389-research/tracker/pipeline/handlers/human.go:261.2,264.16 3 1
github.com/2389-research/tracker/pipeline/handlers/human.go:264.16,266.3 1 0
github.com/2389-research/tracker/pipeline/handlers/human.go:268.2,268.89 1 1
github.com/2389-research/tracker/pipeline/handlers/manager_loop.go:11.50,11.82 1 1
github.com/2389-research/tracker/pipeline/handlers/manager_loop.go:13.44,13.75 1 1
github.com/2389-research/tracker/pipeline/handlers/manager_loop.go:15.138,17.2 1 0
github.com/2389-research/tracker/pipeline/handlers/parallel.go:34.145,35.25 1 1
github.com/2389-research/tracker/pipeline/handlers/parallel.go:35.25,37.3 1 1
github.com/2389-research/tracker/pipeline/handlers/parallel.go:38.2,38.87 1 1
github.com/2389-research/tracker/pipeline/handlers/parallel.go:42.41,42.62 1 1
github.com/2389-research/tracker/pipeline/handlers/parallel.go:46.135,48.21 2 1
github.com/2389-research/tracker/pipeline/handlers/parallel.go:48.21,50.3 1 1
github.com/2389-research/tracker/pipeline/handlers/parallel.go:52.2,53.29 2 1
github.com/2389-research/tracker/pipeline/handlers/parallel.go:53.29,55.3 1 1
github.com/2389-research/tracker/pipeline/handlers/parallel.go:56.2,75.29 7 1
github.com/2389-research/tracker/pipeline/handlers/parallel.go:75.29,77.10 2 1
github.com/2389-research/tracker/pipeline/handlers/parallel.go:77.10,86.12 2 0
github.com/2389-research/tracker/pipeline/handlers/parallel.go:89.3,90.39 2 1
github.com/2389-research/tracker/pipeline/handlers/parallel.go:90.39,95.25 3 1
github.com/2389-research/tracker/pipeline/handlers/parallel.go:95.25,97.5 1 1
github.com/2389-research/tracker/pipeline/handlers/parallel.go:99.4,106.18 3 1
github.com/2389-research/tracker/pipeline/handlers/parallel.go:106.18,109.5 2 0
github.com/2389-research/tracker/pipeline/handlers/parallel.go:111.4,111.53 1 1
github.com/2389-research/tracker/pipeline/handlers/parallel.go:116.2,121.28 4 1
github.com/2389-research/tracker/pipeline/handlers/parallel.go:121.28,123.3 1 1
github.com/2389-research/tracker/pipeline/handlers/parallel.go:126.2,127.16 2 1
github.com/2389-research/tracker/pipeline/handlers/parallel.go:127.16,129.3 1 0
github.com/2389-research/tracker/pipeline/handlers/parallel.go:130.2,134.30 3 1
github.com/2389-research/tracker/pipeline/handlers/parallel.go:134.30,135.42 1 1
github.com/2389-research/tracker/pipeline/handlers/parallel.go:135.42,137.9 2 1
github.com/2389-research/tracker/pipeline/handlers/parallel.go:141.2,142.16 2 1
github.com/2389-research/tracker/pipeline/handlers/parallel.go:142.16,144.3 1 1
github.com/2389-research/tracker/pipeline/handlers/parallel.go:146.2,153.46 2 1
github.com/2389-research/tracker/pipeline/handlers/registry.go:36.54,37.33 1 1
github.com/2389-research/tracker/pipeline/handlers/registry.go:37.33,39.3 1 1
github.com/2389-research/tracker/pipeline/handlers/registry.go:43.54,44.33 1 1
github.com/2389-research/tracker/pipeline/handlers/registry.go:44.33,46.3 1 1
github.com/2389-research/tracker/pipeline/handlers/registry.go:50.55,51.33 1 1
github.com/2389-research/tracker/pipeline/handlers/registry.go:51.33,53.3 1 1
github.com/2389-research/tracker/pipeline/handlers/registry.go:57.78,58.33 1 0
github.com/2389-research/tracker/pipeline/handlers/registry.go:58.33,61.3 2 0
github.com/2389-research/tracker/pipeline/handlers/registry.go:65.72,66.33 1 0
github.com/2389-research/tracker/pipeline/handlers/registry.go:66.33,68.3 1 0
github.com/2389-research/tracker/pipeline/handlers/registry.go:72.85,73.33 1 0
github.com/2389-research/tracker/pipeline/handlers/registry.go:73.33,76.3 2 0
github.com/2389-research/tracker/pipeline/handlers/registry.go:80.71,81.33 1 0
github.com/2389-research/tracker/pipeline/handlers/registry.go:81.33,83.3 1 0
github.com/2389-research/tracker/pipeline/handlers/registry.go:87.85,88.33 1 0
github.com/2389-research/tracker/pipeline/handlers/registry.go:88.33,90.3 1 0
github.com/2389-research/tracker/pipeline/handlers/registry.go:97.98,99.27 2 1
github.com/2389-research/tracker/pipeline/handlers/registry.go:99.27,101.3 1 1
github.com/2389-research/tracker/pipeline/handlers/registry.go:103.2,116.26 8 1
github.com/2389-research/tracker/pipeline/handlers/registry.go:116.26,121.3 4 0
github.com/2389-research/tracker/pipeline/handlers/registry.go:121.8,121.36 1 1
github.com/2389-research/tracker/pipeline/handlers/registry.go:121.36,123.3 1 1
github.com/2389-research/tracker/pipeline/handlers/registry.go:126.2,126.24 1 1
github.com/2389-research/tracker/pipeline/handlers/registry.go:126.24,128.3 1 0
github.com/2389-research/tracker/pipeline/handlers/registry.go:128.8,128.36 1 1
github.com/2389-research/tracker/pipeline/handlers/registry.go:128.36,130.3 1 1
github.com/2389-research/tracker/pipeline/handlers/registry.go:133.2,133.28 1 1
github.com/2389-research/tracker/pipeline/handlers/registry.go:133.28,135.24 2 0
github.com/2389-research/tracker/pipeline/handlers/registry.go:135.24,137.4 1 0
github.com/2389-research/tracker/pipeline/handlers/registry.go:138.3,138.66 1 0
github.com/2389-research/tracker/pipeline/handlers/registry.go:139.8,139.37 1 1
github.com/2389-research/tracker/pipeline/handlers/registry.go:139.37,141.3 1 1
github.com/2389-research/tracker/pipeline/handlers/registry.go:143.2,143.17 1 1
github.com/2389-research/tracker/pipeline/handlers/registry.go:152.37,152.54 1 1
github.com/2389-research/tracker/pipeline/handlers/registry.go:154.131,156.2 1 1
github.com/2389-research/tracker/pipeline/handlers/start.go:16.38,16.64 1 1
github.com/2389-research/tracker/pipeline/handlers/start.go:19.38,19.56 1 1
github.com/2389-research/tracker/pipeline/handlers/start.go:22.132,24.2 1 1
github.com/2389-research/tracker/pipeline/handlers/tool.go:25.65,27.2 1 1
github.com/2389-research/tracker/pipeline/handlers/tool.go:30.99,32.2 1 1
github.com/2389-research/tracker/pipeline/handlers/tool.go:35.37,35.54 1 1
github.com/2389-research/tracker/pipeline/handlers/tool.go:41.131,43.19 2 1
github.com/2389-research/tracker/pipeline/handlers/tool.go:43.19,45.3 1 1
github.com/2389-research/tracker/pipeline/handlers/tool.go:51.2,52.41 2 1
github.com/2389-research/tracker/pipeline/handlers/tool.go:52.41,54.3 1 1
github.com/2389-research/tracker/pipeline/handlers/tool.go:56.2,57.83 2 1
github.com/2389-research/tracker/pipeline/handlers/tool.go:57.83,59.3 1 1
github.com/2389-research/tracker/pipeline/handlers/tool.go:61.2,62.49 2 1
github.com/2389-research/tracker/pipeline/handlers/tool.go:62.49,64.17 2 1
github.com/2389-research/tracker/pipeline/handlers/tool.go:64.17,66.4 1 0
github.com/2389-research/tracker/pipeline/handlers/tool.go:67.3,67.19 1 1
github.com/2389-research/tracker/pipeline/handlers/tool.go:70.2,71.16 2 1
github.com/2389-research/tracker/pipeline/handlers/tool.go:71.16,73.3 1 1
github.com/2389-research/tracker/pipeline/handlers/tool.go:75.2,76.26 2 1
github.com/2389-research/tracker/pipeline/handlers/tool.go:76.26,78.3 1 1
github.com/2389-research/tracker/pipeline/handlers/tool.go:83.2,98.5 3 1
